2022-06-25 20:45:06,146 [INFO] Activator:178 - 


2022-06-25 20:45:06,148 [INFO] Activator:179 - !SESSION log4j initialized
2022-06-25 20:45:12,392 [INFO] ApplicationProperties:181 - Using Application install path: E:\Programs\STM32_IDE\STM32CubeIDE_1.4.0\STM32CubeIDE\plugins\com.st.stm32cube.common.mx_6.0.0.202007160824
2022-06-25 20:45:12,409 [INFO] DbMcusXml:70 - Set database path to: E:\Programs\STM32_IDE\STM32CubeIDE_1.4.0\STM32CubeIDE\plugins\com.st.stm32cube.common.mx_6.0.0.202007160824\\db\/mcu/
2022-06-25 20:45:12,412 [INFO] DbBoardsPdsc:56 - Set plugin database path to: E:\Programs\STM32_IDE\STM32CubeIDE_1.4.0\STM32CubeIDE\plugins\com.st.stm32cube.common.mx_6.0.0.202007160824\\db\/plugins/boardmanager/
2022-06-25 20:45:12,412 [INFO] DbMcus:258 - Set plugin images path to: E:\Programs\STM32_IDE\STM32CubeIDE_1.4.0\STM32CubeIDE\plugins\com.st.stm32cube.common.mx_6.0.0.202007160824\\db\/plugins/mcufinder/images/
2022-06-25 20:45:12,412 [INFO] DbBoards:264 - Set plugin images path to: E:\Programs\STM32_IDE\STM32CubeIDE_1.4.0\STM32CubeIDE\plugins\com.st.stm32cube.common.mx_6.0.0.202007160824\\db\/plugins/mcufinder/images/
2022-06-25 20:45:12,414 [INFO] DbExamples:326 - Set plugin images path to: E:\Programs\STM32_IDE\STM32CubeIDE_1.4.0\STM32CubeIDE\plugins\com.st.stm32cube.common.mx_6.0.0.202007160824\\db\/plugins/mcufinder/images/
2022-06-25 20:45:12,506 [INFO] DbMcusDocs:112 - Set database path to: C:\Users\101\.stmcufinder\plugins\mcufinder//mcu/
2022-06-25 20:45:12,508 [INFO] DbMcusJson:63 - Set database path to: C:\Users\101\.stmcufinder\plugins\mcufinder//mcu/
2022-06-25 20:45:12,508 [INFO] DbBoardsDocs:112 - Set database path to: C:\Users\101\.stmcufinder\plugins\mcufinder//mcu/
2022-06-25 20:45:12,509 [INFO] DbBoardsJson:56 - Set database path to: C:\Users\101\.stmcufinder\plugins\mcufinder//mcu/
2022-06-25 20:45:12,511 [INFO] CrossReferenceDbSqlite:196 - Set database path to: C:\Users\101\.stmcufinder\plugins\mcufinder//mcu/cs/
2022-06-25 20:45:12,514 [INFO] DbExamplesSqlite:800 - Set database path to: C:\Users\101\.stmcufinder\plugins\mcufinder//mcu/
2022-06-25 20:45:12,663 [INFO] RulesReader:52 - Compatibility file has been processed (209 Rules)
2022-06-25 20:45:12,790 [INFO] MicroXplorer:564 - Detected Java Version = 1.8.0_252
2022-06-25 20:45:12,790 [INFO] DbMcusXml:70 - Set database path to: E:\Programs\STM32_IDE\STM32CubeIDE_1.4.0\STM32CubeIDE\plugins\com.st.stm32cube.common.mx_6.0.0.202007160824\\db\/mcu/
2022-06-25 20:45:12,790 [INFO] DbBoardsPdsc:56 - Set plugin database path to: E:\Programs\STM32_IDE\STM32CubeIDE_1.4.0\STM32CubeIDE\plugins\com.st.stm32cube.common.mx_6.0.0.202007160824\\db\/plugins/boardmanager/
2022-06-25 20:45:12,791 [INFO] DbMcus:258 - Set plugin images path to: E:\Programs\STM32_IDE\STM32CubeIDE_1.4.0\STM32CubeIDE\plugins\com.st.stm32cube.common.mx_6.0.0.202007160824\\db\/plugins/mcufinder/images/
2022-06-25 20:45:12,791 [INFO] DbBoards:264 - Set plugin images path to: E:\Programs\STM32_IDE\STM32CubeIDE_1.4.0\STM32CubeIDE\plugins\com.st.stm32cube.common.mx_6.0.0.202007160824\\db\/plugins/mcufinder/images/
2022-06-25 20:45:12,791 [INFO] DbExamples:326 - Set plugin images path to: E:\Programs\STM32_IDE\STM32CubeIDE_1.4.0\STM32CubeIDE\plugins\com.st.stm32cube.common.mx_6.0.0.202007160824\\db\/plugins/mcufinder/images/
2022-06-25 20:45:12,791 [WARN] DbFile:36 - Overriding database path with different value: C:\Users\101\.stmcufinder\plugins\mcufinder/ => C:\Users\101\.stmcufinder\plugins\mcufinder
2022-06-25 20:45:12,792 [INFO] DbMcusDocs:112 - Set database path to: C:\Users\101\.stmcufinder\plugins\mcufinder//mcu/
2022-06-25 20:45:12,792 [WARN] DbFile:36 - Overriding database path with different value: C:\Users\101\.stmcufinder\plugins\mcufinder/ => C:\Users\101\.stmcufinder\plugins\mcufinder
2022-06-25 20:45:12,792 [INFO] DbMcusJson:63 - Set database path to: C:\Users\101\.stmcufinder\plugins\mcufinder//mcu/
2022-06-25 20:45:12,792 [WARN] DbFile:36 - Overriding database path with different value: C:\Users\101\.stmcufinder\plugins\mcufinder/ => C:\Users\101\.stmcufinder\plugins\mcufinder
2022-06-25 20:45:12,807 [INFO] DbBoardsDocs:112 - Set database path to: C:\Users\101\.stmcufinder\plugins\mcufinder//mcu/
2022-06-25 20:45:12,807 [WARN] DbFile:36 - Overriding database path with different value: C:\Users\101\.stmcufinder\plugins\mcufinder/ => C:\Users\101\.stmcufinder\plugins\mcufinder
2022-06-25 20:45:12,808 [INFO] DbBoardsJson:56 - Set database path to: C:\Users\101\.stmcufinder\plugins\mcufinder//mcu/
2022-06-25 20:45:12,808 [WARN] DbFile:36 - Overriding database path with different value: C:\Users\101\.stmcufinder\plugins\mcufinder/ => C:\Users\101\.stmcufinder\plugins\mcufinder
2022-06-25 20:45:12,808 [WARN] DbFile:36 - Overriding database path with different value: C:\Users\101\.stmcufinder\plugins\mcufinder/ => C:\Users\101\.stmcufinder\plugins\mcufinder
2022-06-25 20:45:12,808 [INFO] CrossReferenceDbSqlite:196 - Set database path to: C:\Users\101\.stmcufinder\plugins\mcufinder//mcu/cs/
2022-06-25 20:45:12,808 [WARN] DbFile:36 - Overriding database path with different value: C:\Users\101\.stmcufinder\plugins\mcufinder/ => C:\Users\101\.stmcufinder\plugins\mcufinder
2022-06-25 20:45:12,808 [INFO] DbExamplesSqlite:800 - Set database path to: C:\Users\101\.stmcufinder\plugins\mcufinder//mcu/
2022-06-25 20:45:12,886 [INFO] MainPanel:189 - HeapMemory: 268435456
2022-06-25 20:45:12,937 [INFO] DbMcusXml:70 - Set database path to: E:\Programs\STM32_IDE\STM32CubeIDE_1.4.0\STM32CubeIDE\plugins\com.st.stm32cube.common.mx_6.0.0.202007160824\\db\/mcu/
2022-06-25 20:45:12,938 [INFO] DbBoardsPdsc:56 - Set plugin database path to: E:\Programs\STM32_IDE\STM32CubeIDE_1.4.0\STM32CubeIDE\plugins\com.st.stm32cube.common.mx_6.0.0.202007160824\\db\/plugins/boardmanager/
2022-06-25 20:45:12,938 [INFO] DbMcus:258 - Set plugin images path to: E:\Programs\STM32_IDE\STM32CubeIDE_1.4.0\STM32CubeIDE\plugins\com.st.stm32cube.common.mx_6.0.0.202007160824\\db\/plugins/mcufinder/images/
2022-06-25 20:45:12,938 [INFO] DbBoards:264 - Set plugin images path to: E:\Programs\STM32_IDE\STM32CubeIDE_1.4.0\STM32CubeIDE\plugins\com.st.stm32cube.common.mx_6.0.0.202007160824\\db\/plugins/mcufinder/images/
2022-06-25 20:45:12,938 [INFO] DbExamples:326 - Set plugin images path to: E:\Programs\STM32_IDE\STM32CubeIDE_1.4.0\STM32CubeIDE\plugins\com.st.stm32cube.common.mx_6.0.0.202007160824\\db\/plugins/mcufinder/images/
2022-06-25 20:45:12,938 [WARN] DbFile:36 - Overriding database path with different value: C:\Users\101\.stmcufinder\plugins\mcufinder/ => C:\Users\101\.stmcufinder\plugins\mcufinder
2022-06-25 20:45:12,938 [INFO] DbMcusDocs:112 - Set database path to: C:\Users\101\.stmcufinder\plugins\mcufinder//mcu/
2022-06-25 20:45:12,939 [WARN] DbFile:36 - Overriding database path with different value: C:\Users\101\.stmcufinder\plugins\mcufinder/ => C:\Users\101\.stmcufinder\plugins\mcufinder
2022-06-25 20:45:12,939 [INFO] DbMcusJson:63 - Set database path to: C:\Users\101\.stmcufinder\plugins\mcufinder//mcu/
2022-06-25 20:45:12,939 [WARN] DbFile:36 - Overriding database path with different value: C:\Users\101\.stmcufinder\plugins\mcufinder/ => C:\Users\101\.stmcufinder\plugins\mcufinder
2022-06-25 20:45:12,939 [INFO] DbBoardsDocs:112 - Set database path to: C:\Users\101\.stmcufinder\plugins\mcufinder//mcu/
2022-06-25 20:45:12,939 [WARN] DbFile:36 - Overriding database path with different value: C:\Users\101\.stmcufinder\plugins\mcufinder/ => C:\Users\101\.stmcufinder\plugins\mcufinder
2022-06-25 20:45:12,939 [INFO] DbBoardsJson:56 - Set database path to: C:\Users\101\.stmcufinder\plugins\mcufinder//mcu/
2022-06-25 20:45:12,939 [WARN] DbFile:36 - Overriding database path with different value: C:\Users\101\.stmcufinder\plugins\mcufinder/ => C:\Users\101\.stmcufinder\plugins\mcufinder
2022-06-25 20:45:12,939 [WARN] DbFile:36 - Overriding database path with different value: C:\Users\101\.stmcufinder\plugins\mcufinder/ => C:\Users\101\.stmcufinder\plugins\mcufinder
2022-06-25 20:45:12,939 [INFO] CrossReferenceDbSqlite:196 - Set database path to: C:\Users\101\.stmcufinder\plugins\mcufinder//mcu/cs/
2022-06-25 20:45:12,959 [WARN] DbFile:36 - Overriding database path with different value: C:\Users\101\.stmcufinder\plugins\mcufinder/ => C:\Users\101\.stmcufinder\plugins\mcufinder
2022-06-25 20:45:12,959 [INFO] DbExamplesSqlite:800 - Set database path to: C:\Users\101\.stmcufinder\plugins\mcufinder//mcu/
2022-06-25 20:45:12,973 [INFO] ApplicationProperties:181 - Using Application install path: E:\Programs\STM32_IDE\STM32CubeIDE_1.4.0\STM32CubeIDE\plugins\com.st.stm32cube.common.mx_6.0.0.202007160824
2022-06-25 20:45:12,974 [INFO] PluginManage:178 - Search for loadable plugins [exclusion list=, ]
2022-06-25 20:45:12,975 [INFO] PluginManage:292 - Check plugin analytics
2022-06-25 20:45:17,693 [INFO] AnalyticsPlugin:203 - Accepted Software Licenses: 
2022-06-25 20:45:17,694 [INFO] AnalyticsPlugin:205 - Accepted CMSIS Pack Licenses: 
2022-06-25 20:45:17,694 [INFO] AnalyticsPlugin:207 - Accepted Firmware Licenses: 
2022-06-25 20:45:17,694 [INFO] PluginManage:342 - Loaded plugin analytics (category:tool,tabindex:-1)
2022-06-25 20:45:17,694 [INFO] PluginManage:292 - Check plugin clock
2022-06-25 20:45:17,723 [INFO] PluginManage:342 - Loaded plugin clock (category:base,tabindex:2)
2022-06-25 20:45:17,723 [INFO] PluginManage:292 - Check plugin ddr
2022-06-25 20:45:17,724 [INFO] PluginManage:342 - Loaded plugin ddr (category:tool,tabindex:6)
2022-06-25 20:45:17,725 [INFO] PluginManage:292 - Check plugin filemanager
2022-06-25 20:45:17,898 [INFO] PluginManage:342 - Loaded plugin filemanager (category:base,tabindex:10)
2022-06-25 20:45:17,898 [INFO] PluginManage:292 - Check plugin ipmanager
2022-06-25 20:45:17,921 [INFO] PluginManage:342 - Loaded plugin ipmanager (category:base,tabindex:5)
2022-06-25 20:45:17,922 [INFO] PluginManage:292 - Check plugin pinoutandconfiguration
2022-06-25 20:45:17,952 [INFO] PluginManage:342 - Loaded plugin pinoutandconfiguration (category:base,tabindex:1)
2022-06-25 20:45:17,952 [INFO] PluginManage:292 - Check plugin pinoutconfig
2022-06-25 20:45:17,985 [INFO] PluginManage:342 - Loaded plugin pinoutconfig (category:base,tabindex:0)
2022-06-25 20:45:17,985 [INFO] PluginManage:292 - Check plugin power
2022-06-25 20:45:18,043 [INFO] PluginManage:342 - Loaded plugin power (category:power,tabindex:4)
2022-06-25 20:45:18,043 [INFO] PluginManage:292 - Check plugin projectmanager
2022-06-25 20:45:18,053 [INFO] PluginManage:342 - Loaded plugin projectmanager (category:projectmanager,tabindex:3)
2022-06-25 20:45:18,054 [INFO] PluginManage:292 - Check plugin thirdparty
2022-06-25 20:45:18,227 [INFO] ThirdPartyDb:333 - Open Third Party DataBase File (C:/Users/101/.stm32cubemx/plugins/thirdparty/db/thirdparties_db.xml) : 62 ms. number of Sw pack : 48
2022-06-25 20:45:18,231 [INFO] PluginManage:342 - Loaded plugin thirdparty (category:base,tabindex:-1)
2022-06-25 20:45:18,232 [INFO] PluginManage:292 - Check plugin tools
2022-06-25 20:45:18,299 [INFO] PluginManage:342 - Loaded plugin tools (category:base,tabindex:7)
2022-06-25 20:45:18,299 [INFO] PluginManage:292 - Check plugin tutovideos
2022-06-25 20:45:18,518 [INFO] PluginManage:342 - Loaded plugin tutovideos (category:base,tabindex:-1)
2022-06-25 20:45:18,518 [INFO] PluginManage:292 - Check plugin updater
2022-06-25 20:45:18,554 [INFO] PluginManage:342 - Loaded plugin updater (category:base,tabindex:12)
2022-06-25 20:45:18,554 [INFO] PluginManage:265 - PluginManage : Loaded plugins [13]
2022-06-25 20:45:18,737 [INFO] PinOutPanel:1418 - setPackage(No Configuration,No Configuration)
2022-06-25 20:45:18,846 [INFO] IPUIPlugin:64 - create IPUIPlugin
2022-06-25 20:45:18,846 [INFO] PluginManager:200 - loadIPPluginJar : add adc
2022-06-25 20:45:18,909 [INFO] IPUIPlugin:64 - create IPUIPlugin
2022-06-25 20:45:18,909 [INFO] PluginManager:200 - loadIPPluginJar : add aes
2022-06-25 20:45:18,946 [INFO] IPUIPlugin:64 - create IPUIPlugin
2022-06-25 20:45:18,946 [INFO] PluginManager:200 - loadIPPluginJar : add can
2022-06-25 20:45:18,964 [INFO] IPUIPlugin:64 - create IPUIPlugin
2022-06-25 20:45:18,964 [INFO] PluginManager:200 - loadIPPluginJar : add comp
2022-06-25 20:45:18,985 [INFO] IPUIPlugin:64 - create IPUIPlugin
2022-06-25 20:45:18,986 [INFO] PluginManager:200 - loadIPPluginJar : add cryp
2022-06-25 20:45:19,020 [INFO] IPUIPlugin:64 - create IPUIPlugin
2022-06-25 20:45:19,020 [INFO] PluginManager:200 - loadIPPluginJar : add dfsdm
2022-06-25 20:45:19,044 [INFO] IPUIPlugin:64 - create IPUIPlugin
2022-06-25 20:45:19,045 [INFO] PluginManager:200 - loadIPPluginJar : add dma
2022-06-25 20:45:19,061 [INFO] IPUIPlugin:64 - create IPUIPlugin
2022-06-25 20:45:19,061 [INFO] PluginManager:200 - loadIPPluginJar : add fatfs
2022-06-25 20:45:19,121 [INFO] IPUIPlugin:64 - create IPUIPlugin
2022-06-25 20:45:19,121 [INFO] PluginManager:200 - loadIPPluginJar : add fmc
2022-06-25 20:45:19,144 [INFO] IPUIPlugin:64 - create IPUIPlugin
2022-06-25 20:45:19,144 [INFO] PluginManager:200 - loadIPPluginJar : add freertos
2022-06-25 20:45:19,160 [INFO] IPUIPlugin:64 - create IPUIPlugin
2022-06-25 20:45:19,160 [INFO] PluginManager:200 - loadIPPluginJar : add genericplugin
2022-06-25 20:45:19,230 [INFO] IPUIPlugin:64 - create IPUIPlugin
2022-06-25 20:45:19,230 [INFO] PluginManager:200 - loadIPPluginJar : add gfxmmu
2022-06-25 20:45:19,305 [INFO] IPUIPlugin:64 - create IPUIPlugin
2022-06-25 20:45:19,305 [INFO] PluginManager:200 - loadIPPluginJar : add gic
2022-06-25 20:45:19,339 [INFO] IPUIPlugin:64 - create IPUIPlugin
2022-06-25 20:45:19,339 [INFO] PluginManager:200 - loadIPPluginJar : add gpio
2022-06-25 20:45:19,398 [INFO] IPUIPlugin:64 - create IPUIPlugin
2022-06-25 20:45:19,398 [INFO] PluginManager:200 - loadIPPluginJar : add gtzc
2022-06-25 20:45:19,418 [INFO] IPUIPlugin:64 - create IPUIPlugin
2022-06-25 20:45:19,418 [INFO] PluginManager:200 - loadIPPluginJar : add hash
2022-06-25 20:45:19,459 [INFO] IPUIPlugin:64 - create IPUIPlugin
2022-06-25 20:45:19,460 [INFO] PluginManager:200 - loadIPPluginJar : add i2c
2022-06-25 20:45:19,494 [INFO] IPUIPlugin:64 - create IPUIPlugin
2022-06-25 20:45:19,494 [INFO] PluginManager:200 - loadIPPluginJar : add i2s
2022-06-25 20:45:19,529 [INFO] IPUIPlugin:64 - create IPUIPlugin
2022-06-25 20:45:19,530 [INFO] PluginManager:200 - loadIPPluginJar : add ipddr
2022-06-25 20:45:19,564 [INFO] IPUIPlugin:64 - create IPUIPlugin
2022-06-25 20:45:19,564 [INFO] PluginManager:200 - loadIPPluginJar : add ltdc
2022-06-25 20:45:19,587 [INFO] IPUIPlugin:64 - create IPUIPlugin
2022-06-25 20:45:19,587 [INFO] PluginManager:200 - loadIPPluginJar : add mdma
2022-06-25 20:45:19,619 [INFO] IPUIPlugin:64 - create IPUIPlugin
2022-06-25 20:45:19,620 [INFO] PluginManager:200 - loadIPPluginJar : add nvic
2022-06-25 20:45:19,644 [INFO] IPUIPlugin:64 - create IPUIPlugin
2022-06-25 20:45:19,644 [INFO] PluginManager:200 - loadIPPluginJar : add opamp
2022-06-25 20:45:19,701 [INFO] IPUIPlugin:64 - create IPUIPlugin
2022-06-25 20:45:19,701 [INFO] PluginManager:200 - loadIPPluginJar : add openamp
2022-06-25 20:45:19,747 [INFO] IPUIPlugin:64 - create IPUIPlugin
2022-06-25 20:45:19,747 [INFO] PluginManager:200 - loadIPPluginJar : add pdm2pcm
2022-06-25 20:45:19,781 [INFO] IPUIPlugin:64 - create IPUIPlugin
2022-06-25 20:45:19,783 [INFO] PluginManager:200 - loadIPPluginJar : add plateformsettings
2022-06-25 20:45:19,801 [INFO] IPUIPlugin:64 - create IPUIPlugin
2022-06-25 20:45:19,801 [INFO] PluginManager:200 - loadIPPluginJar : add quadspi
2022-06-25 20:45:19,821 [INFO] IPUIPlugin:64 - create IPUIPlugin
2022-06-25 20:45:19,821 [INFO] PluginManager:200 - loadIPPluginJar : add resmgrutility
2022-06-25 20:45:19,877 [INFO] IPUIPlugin:64 - create IPUIPlugin
2022-06-25 20:45:19,877 [INFO] PluginManager:200 - loadIPPluginJar : add sai
2022-06-25 20:45:20,001 [INFO] IPUIPlugin:64 - create IPUIPlugin
2022-06-25 20:45:20,001 [INFO] PluginManager:200 - loadIPPluginJar : add spi
2022-06-25 20:45:20,039 [INFO] IPUIPlugin:64 - create IPUIPlugin
2022-06-25 20:45:20,039 [INFO] PluginManager:200 - loadIPPluginJar : add stm32_wpan
2022-06-25 20:45:20,064 [INFO] IPUIPlugin:64 - create IPUIPlugin
2022-06-25 20:45:20,065 [INFO] PluginManager:200 - loadIPPluginJar : add tim
2022-06-25 20:45:20,162 [INFO] IPUIPlugin:64 - create IPUIPlugin
2022-06-25 20:45:20,162 [INFO] PluginManager:200 - loadIPPluginJar : add touchsensing
2022-06-25 20:45:20,181 [INFO] IPUIPlugin:64 - create IPUIPlugin
2022-06-25 20:45:20,181 [INFO] PluginManager:200 - loadIPPluginJar : add tracer_emb
2022-06-25 20:45:20,201 [INFO] IPUIPlugin:64 - create IPUIPlugin
2022-06-25 20:45:20,201 [INFO] PluginManager:200 - loadIPPluginJar : add ts
2022-06-25 20:45:20,221 [INFO] IPUIPlugin:64 - create IPUIPlugin
2022-06-25 20:45:20,221 [INFO] PluginManager:200 - loadIPPluginJar : add tsc
2022-06-25 20:45:20,240 [INFO] IPUIPlugin:64 - create IPUIPlugin
2022-06-25 20:45:20,241 [INFO] PluginManager:200 - loadIPPluginJar : add ucpd
2022-06-25 20:45:20,288 [INFO] IPUIPlugin:64 - create IPUIPlugin
2022-06-25 20:45:20,288 [INFO] PluginManager:200 - loadIPPluginJar : add usart
2022-06-25 20:45:20,704 [INFO] CubeProgrammer:457 - [DDR PANEL] - PathOfProgrammer: null
2022-06-25 20:45:21,383 [FATAL] Updater:282 - Updater called before beeing initialized
2022-06-25 20:45:21,649 [FATAL] Updater:282 - Updater called before beeing initialized
2022-06-25 20:45:21,649 [WARN] ThirdParty:775 - waiting for thirdparty lock release [close project]
2022-06-25 20:45:21,649 [INFO] ThirdParty:777 - entering critical section [close project]
2022-06-25 20:45:21,650 [INFO] ThirdParty:790 - exiting critical section [close project]
2022-06-25 20:45:21,652 [INFO] PinOutPanel:1418 - setPackage(No Configuration,No Configuration)
2022-06-25 20:45:21,652 [FATAL] Updater:282 - Updater called before beeing initialized
2022-06-25 20:45:21,660 [ERROR] Updater:967 - MainUpdater not yet initialized. External WinMGr cannot be set.
2022-06-25 20:45:21,662 [INFO] CubeProgrammer:457 - [DDR PANEL] - PathOfProgrammer: E:\Programs\STM32_IDE\STM32CubeIDE_1.4.0\STM32CubeIDE\plugins\com.st.stm32cube.ide.mcu.externaltools.cubeprogrammer.win32_1.4.0.202007081208\tools\bin
2022-06-25 20:45:21,664 [INFO] ProgrammerExecThread:148 - [ProgrammerAPI] CubeProgrammer command construction: E:\Programs\STM32_IDE\STM32CubeIDE_1.4.0\STM32CubeIDE\plugins\com.st.stm32cube.ide.mcu.externaltools.cubeprogrammer.win32_1.4.0.202007081208\tools\bin\STM32_Programmer_CLI.exe -l
2022-06-25 20:45:22,320 [INFO] MainDdrPanel:49 - [DDR PANEL] SETTER - Set cubeProgrammerPath to: E:\Programs\STM32_IDE\STM32CubeIDE_1.4.0\STM32CubeIDE\plugins\com.st.stm32cube.ide.mcu.externaltools.cubeprogrammer.win32_1.4.0.202007081208\tools\bin
2022-06-25 20:45:22,607 [INFO] Updater:904 - Updater Version found : 6.0.0
2022-06-25 20:45:22,620 [INFO] ApplicationProperties:181 - Using Application install path: E:\Programs\STM32_IDE\STM32CubeIDE_1.4.0\STM32CubeIDE\plugins\com.st.stm32cube.common.mx_6.0.0.202007160824
2022-06-25 20:45:23,057 [INFO] MainUpdater:2268 - connection check result : 10
2022-06-25 20:45:23,057 [INFO] MainUpdater:2935 - Updater definition file requires update
2022-06-25 20:45:23,058 [INFO] MainUpdater:239 - Updater Check For Update Now.
2022-06-25 20:45:23,058 [INFO] MicroXplorer:414 - Change Database Version : DB.6.0.0
2022-06-25 20:45:23,221 [INFO] ServerAccessManage:348 - Download File updaters.zip
2022-06-25 20:45:23,491 [INFO] FileExtend:225 - Unzip File : updaters.zip
2022-06-25 20:45:23,491 [INFO] FileExtend:240 - Standard Zip Deflate
2022-06-25 20:45:23,992 [INFO] ServerAccessManage:348 - Download File PacksControlFlags.xml
2022-06-25 20:45:24,130 [INFO] ServerAccessManage:348 - Download File cubemx.pidx
2022-06-25 20:45:24,235 [INFO] LoadServerUpdatesThread:309 - End of LoadServerUpdate Thread
2022-06-25 20:45:24,251 [WARN] IntegrityCheckThread:61 - waiting for thirdparty lock release [integrity check]
2022-06-25 20:45:24,251 [INFO] IntegrityCheckThread:63 - entering critical section [integrity check]
2022-06-25 20:45:24,252 [WARN] MainUpdater:1087 - Updater busy. Cannot search thirdparties
2022-06-25 20:45:24,261 [INFO] CheckServerUpdateThread:102 - End of CheckServer Thread
2022-06-25 20:45:24,363 [INFO] MainUpdater:2268 - connection check result : 10
2022-06-25 20:45:24,687 [INFO] ServerAccessManage:348 - Download File mcusDocs.json._tmp_
2022-06-25 20:45:24,808 [INFO] LoadUrlFilesThread:135 - End of LoadUrlFiles Thread
2022-06-25 20:45:24,914 [INFO] ServerAccessManage:348 - Download File mcusFeaturesAndDescription.json._tmp_
2022-06-25 20:45:27,259 [WARN] MainUpdater:1087 - Updater busy. Cannot search thirdparties
2022-06-25 20:45:29,694 [INFO] LoadUrlFilesThread:135 - End of LoadUrlFiles Thread
2022-06-25 20:45:29,834 [INFO] ServerAccessManage:348 - Download File boardsDocs.json._tmp_
2022-06-25 20:45:29,869 [INFO] LoadUrlFilesThread:135 - End of LoadUrlFiles Thread
2022-06-25 20:45:30,000 [INFO] ServerAccessManage:348 - Download File boards.json._tmp_
2022-06-25 20:45:30,252 [INFO] LoadUrlFilesThread:135 - End of LoadUrlFiles Thread
2022-06-25 20:45:30,262 [WARN] MainUpdater:1087 - Updater busy. Cannot search thirdparties
2022-06-25 20:45:30,490 [INFO] ServerAccessManage:348 - Download File cube-finder-db.zip
2022-06-25 20:45:33,273 [WARN] MainUpdater:1087 - Updater busy. Cannot search thirdparties
2022-06-25 20:45:36,285 [WARN] MainUpdater:1087 - Updater busy. Cannot search thirdparties
2022-06-25 20:45:39,293 [WARN] MainUpdater:1087 - Updater busy. Cannot search thirdparties
2022-06-25 20:45:42,302 [WARN] MainUpdater:1087 - Updater busy. Cannot search thirdparties
2022-06-25 20:45:45,306 [WARN] MainUpdater:1087 - Updater busy. Cannot search thirdparties
2022-06-25 20:45:47,599 [INFO] FileExtend:225 - Unzip File : cube-finder-db.zip
2022-06-25 20:45:47,601 [INFO] FileExtend:240 - Standard Zip Deflate
2022-06-25 20:45:48,017 [INFO] LoadUrlFilesThread:135 - End of LoadUrlFiles Thread
2022-06-25 20:45:48,313 [WARN] MainUpdater:1087 - Updater busy. Cannot search thirdparties
2022-06-25 20:45:48,852 [INFO] ServerAccessManage:348 - Download File crdb.zip
2022-06-25 20:45:49,598 [INFO] FileExtend:225 - Unzip File : crdb.zip
2022-06-25 20:45:49,599 [INFO] FileExtend:240 - Standard Zip Deflate
2022-06-25 20:45:49,620 [INFO] LoadUrlFilesThread:135 - End of LoadUrlFiles Thread
2022-06-25 20:45:49,764 [INFO] ServerAccessManage:348 - Download File tutoVideoDB.zip
2022-06-25 20:45:49,885 [INFO] FileExtend:225 - Unzip File : tutoVideoDB.zip
2022-06-25 20:45:49,886 [INFO] FileExtend:240 - Standard Zip Deflate
2022-06-25 20:45:49,897 [INFO] LoadUrlFilesThread:135 - End of LoadUrlFiles Thread
2022-06-25 20:45:49,918 [INFO] DbMcusDocs:145 - JSON generation date=Tue Nov 16 18:17:54 EET 2021 (1637079474)
2022-06-25 20:45:49,936 [INFO] DbMcusXml:100 - Load MCU database from E:\Programs\STM32_IDE\STM32CubeIDE_1.4.0\STM32CubeIDE\plugins\com.st.stm32cube.common.mx_6.0.0.202007160824\\db\/mcu/families.xml
2022-06-25 20:45:50,546 [INFO] DbMcusJson:92 - JSON generation date=Tue Nov 16 18:17:54 EET 2021 (1637079474)
2022-06-25 20:45:51,255 [INFO] DbMcus:175 - Found 1761 MCUs (1722 are supported by CubeMX, 1911 are visible in CubeMX)
2022-06-25 20:45:51,255 [INFO] ApiDb:201 - Load user favorites file C:\Users\101/.stm32cubemx/favorites.mcus.txt: 0 item(s)
2022-06-25 20:45:51,255 [INFO] ApiDb:205 - User favorites MCUs=[]
2022-06-25 20:45:51,255 [INFO] DbMcus:187 - Set 0 / 0 favorites MCUs
2022-06-25 20:45:51,464 [INFO] DbMcusDocs:81 - Found 682 MCUs documents
2022-06-25 20:45:51,466 [INFO] ApiDb:226 - Save user favorites file C:\Users\101/.stm32cubemx/favorites.mcus.txt: 0 item(s)
2022-06-25 20:45:51,470 [INFO] ApiDb:230 - User favorites MCUs=[]
2022-06-25 20:45:51,470 [INFO] DbMcusXml:100 - Load MCU database from E:\Programs\STM32_IDE\STM32CubeIDE_1.4.0\STM32CubeIDE\plugins\com.st.stm32cube.common.mx_6.0.0.202007160824\\db\/mcu/families.xml
2022-06-25 20:45:51,979 [INFO] ThirdPartyDb:299 - Save Third Party DataBase File (C:/Users/101/.stm32cubemx/plugins/thirdparty/db/thirdparties_db.xml) [forced]
2022-06-25 20:45:52,054 [INFO] ThirdPartyDb:299 - Save Third Party DataBase File (C:/Users/101/.stm32cubemx/plugins/thirdparty/db/thirdparties_db.xml) [forced]
2022-06-25 20:45:52,086 [INFO] IntegrityCheckThread:76 - exiting critical section [integrity check]
2022-06-25 20:45:52,086 [INFO] IntegrityCheckThread:79 - End integrity checks thread
2022-06-25 20:45:52,154 [INFO] DbMcusJson:92 - JSON generation date=Tue Nov 16 18:17:54 EET 2021 (1637079474)
2022-06-25 20:45:52,567 [INFO] DbMcus:175 - Found 1761 MCUs (1722 are supported by CubeMX, 1911 are visible in CubeMX)
2022-06-25 20:45:52,567 [INFO] ApiDb:201 - Load user favorites file C:\Users\101/.stm32cubemx/favorites.mcus.txt: 0 item(s)
2022-06-25 20:45:52,568 [INFO] ApiDb:205 - User favorites MCUs=[]
2022-06-25 20:45:52,568 [INFO] DbMcus:187 - Set 0 / 0 favorites MCUs
2022-06-25 20:45:52,573 [INFO] DbBoardsDocs:145 - JSON generation date=Tue Nov 16 18:17:54 EET 2021 (1637079474)
2022-06-25 20:45:52,606 [INFO] DbBoardsPdsc:94 - Found 23 items
2022-06-25 20:45:52,625 [INFO] DbBoardsPdsc:94 - Found 9 items
2022-06-25 20:45:52,657 [INFO] DbBoardsPdsc:94 - Found 29 items
2022-06-25 20:45:52,666 [INFO] DbBoardsPdsc:94 - Found 1 items
2022-06-25 20:45:52,690 [INFO] DbBoardsPdsc:94 - Found 44 items
2022-06-25 20:45:52,716 [INFO] DbBoardsPdsc:94 - Found 40 items
2022-06-25 20:45:52,747 [INFO] DbBoardsPdsc:94 - Found 2 items
2022-06-25 20:45:52,754 [INFO] DbBoardsPdsc:94 - Found 4 items
2022-06-25 20:45:52,759 [WARN] DbBoardsPdsc:258 - Board STM32H7B3I-DK: unknown feature type=Audio, name=, username=Audio stereo codec with Headphone Amp (CS42L51-CNZ), n=1
2022-06-25 20:45:52,759 [WARN] DbBoardsPdsc:258 - Board STM32H735G-DK: unknown feature type=Audio, name=, username=Audio stereo codec with Headphone Amp (WM8994ECS/R), n=1
2022-06-25 20:45:52,761 [WARN] DbBoardsPdsc:258 - Board STM32H7B3I-EVAL: unknown feature type=Audio, name=, username=Multi-Channel Audio Codec (CS42L51-CNZ), n=1
2022-06-25 20:45:52,761 [WARN] DbBoardsPdsc:258 - Board STM32H7B3I-EVAL: unknown feature type=Meter, name=, username=Power-metering and Temperature-monitoring with sigma-delta modulators, n=1
2022-06-25 20:45:52,761 [WARN] DbBoardsPdsc:258 - Board STM32H7B3I-EVAL: unknown feature type=Motor, name=, username=Motor Control, n=1
2022-06-25 20:45:52,784 [INFO] DbBoardsJson:85 - JSON generation date=Tue Nov 16 18:17:54 EET 2021 (1637079474)
2022-06-25 20:45:52,789 [INFO] DbBoards:117 - Found 166 boards (149 are supported by CubeMX)
2022-06-25 20:45:52,790 [INFO] DbBoardsDocs:145 - JSON generation date=Tue Nov 16 18:17:54 EET 2021 (1637079474)
2022-06-25 20:45:52,794 [INFO] DbBoardsDocs:81 - Found 209 boards documents
2022-06-25 20:45:52,795 [WARN] DbBoards:127 - board B-L475E-IOT01A2 has no document id list !
2022-06-25 20:45:52,796 [WARN] DbBoards:127 - board NUCLEO-H743ZI has no document id list !
2022-06-25 20:45:52,797 [WARN] DbBoards:127 - board P-NUCLEO-WB55-Nucleo has no document id list !
2022-06-25 20:45:52,797 [WARN] DbBoards:127 - board P-NUCLEO-WB55-USBDongle has no document id list !
2022-06-25 20:45:52,797 [WARN] DbBoards:127 - board STEVAL-BFA001V1B has no document id list !
2022-06-25 20:45:52,797 [WARN] DbBoards:127 - board STEVAL-BFA001V2B has no document id list !
2022-06-25 20:45:52,797 [WARN] DbBoards:127 - board STEVAL-IDP005V1 has no document id list !
2022-06-25 20:45:52,798 [WARN] DbBoards:127 - board STEVAL-IDP005V2 has no document id list !
2022-06-25 20:45:52,798 [WARN] DbBoards:127 - board STEVAL-MKSBOX1V1 has no document id list !
2022-06-25 20:45:52,798 [WARN] DbBoards:127 - board STEVAL-STWINKT1 has no document id list !
2022-06-25 20:45:52,798 [WARN] DbBoards:127 - board STEVAL-STWINKT1B has no document id list !
2022-06-25 20:45:52,798 [WARN] DbBoards:127 - board STM32439I-EVAL2 has no document id list !
2022-06-25 20:45:52,798 [WARN] DbBoards:127 - board STM32F401C-DISCO has no document id list !
2022-06-25 20:45:52,799 [WARN] DbBoards:127 - board STM32F769I-DISC1 has no document id list !
2022-06-25 20:45:52,799 [WARN] DbBoards:127 - board STM32G474E-EVAL1 has no document id list !
2022-06-25 20:45:52,799 [WARN] DbBoards:127 - board STM32H743I-EVAL2 has no document id list !
2022-06-25 20:45:52,799 [WARN] DbBoards:127 - board STM32H747I-DISC1 has no document id list !
2022-06-25 20:45:52,800 [WARN] DbBoards:127 - board STM32H753I-EVAL2 has no document id list !
2022-06-25 20:45:52,800 [WARN] DbBoards:127 - board STM32L-DISCOVERY has no document id list !
2022-06-25 20:45:52,931 [ERROR] DbBoards:189 - Image file not found for board B-L462E-CELL1: E:\Programs\STM32_IDE\STM32CubeIDE_1.4.0\STM32CubeIDE\plugins\com.st.stm32cube.common.mx_6.0.0.202007160824\\db\/plugins/mcufinder/images/boards/B-L462E-CELL1_small.jpg
2022-06-25 20:45:52,991 [ERROR] DbBoards:189 - Image file not found for board B-U585I-IOT02A: E:\Programs\STM32_IDE\STM32CubeIDE_1.4.0\STM32CubeIDE\plugins\com.st.stm32cube.common.mx_6.0.0.202007160824\\db\/plugins/mcufinder/images/boards/B-U585I-IOT02A_small.jpg
2022-06-25 20:45:53,138 [ERROR] DbBoards:189 - Image file not found for board NUCLEO-F413ZH: E:\Programs\STM32_IDE\STM32CubeIDE_1.4.0\STM32CubeIDE\plugins\com.st.stm32cube.common.mx_6.0.0.202007160824\\db\/plugins/mcufinder/images/boards/nucleo-f413zh_small.jpg
2022-06-25 20:45:53,234 [ERROR] DbBoards:189 - Image file not found for board NUCLEO-L552ZE-Q: E:\Programs\STM32_IDE\STM32CubeIDE_1.4.0\STM32CubeIDE\plugins\com.st.stm32cube.common.mx_6.0.0.202007160824\\db\/plugins/mcufinder/images/boards/nucleo_l552ze_q_small.jpg
2022-06-25 20:45:53,234 [ERROR] DbBoards:189 - Image file not found for board NUCLEO-U575ZI-Q: E:\Programs\STM32_IDE\STM32CubeIDE_1.4.0\STM32CubeIDE\plugins\com.st.stm32cube.common.mx_6.0.0.202007160824\\db\/plugins/mcufinder/images/boards/nucleo-u575zi-q_small.jpg
2022-06-25 20:45:53,234 [ERROR] DbBoards:189 - Image file not found for board NUCLEO-WB15CC: E:\Programs\STM32_IDE\STM32CubeIDE_1.4.0\STM32CubeIDE\plugins\com.st.stm32cube.common.mx_6.0.0.202007160824\\db\/plugins/mcufinder/images/boards/nucleo-wb15cc_small.jpg
2022-06-25 20:45:53,234 [ERROR] DbBoards:189 - Image file not found for board NUCLEO-WB55RG: E:\Programs\STM32_IDE\STM32CubeIDE_1.4.0\STM32CubeIDE\plugins\com.st.stm32cube.common.mx_6.0.0.202007160824\\db\/plugins/mcufinder/images/boards/nucleo-wb55rg_small.jpg
2022-06-25 20:45:53,235 [ERROR] DbBoards:189 - Image file not found for board NUCLEO-WL55JC: E:\Programs\STM32_IDE\STM32CubeIDE_1.4.0\STM32CubeIDE\plugins\com.st.stm32cube.common.mx_6.0.0.202007160824\\db\/plugins/mcufinder/images/boards/nucleo-wl55jc-small.jpg
2022-06-25 20:45:53,522 [ERROR] DbBoards:189 - Image file not found for board STEVAL-STWINKT1B: E:\Programs\STM32_IDE\STM32CubeIDE_1.4.0\STM32CubeIDE\plugins\com.st.stm32cube.common.mx_6.0.0.202007160824\\db\/plugins/mcufinder/images/boards/steval-stwinkt1b_small.jpg
2022-06-25 20:45:54,395 [ERROR] DbBoards:189 - Image file not found for board STM32G0C1E-EV: E:\Programs\STM32_IDE\STM32CubeIDE_1.4.0\STM32CubeIDE\plugins\com.st.stm32cube.common.mx_6.0.0.202007160824\\db\/plugins/mcufinder/images/boards/stm32g0c1e-eval_small.jpg
2022-06-25 20:45:54,594 [ERROR] DbBoards:189 - Image file not found for board STM32H7B3I-EVAL: E:\Programs\STM32_IDE\STM32CubeIDE_1.4.0\STM32CubeIDE\plugins\com.st.stm32cube.common.mx_6.0.0.202007160824\\db\/plugins/mcufinder/images/boards/stm32h7b3ieval_small.jpg
2022-06-25 20:45:54,997 [ERROR] DbBoards:189 - Image file not found for board STM32U575I-EV: E:\Programs\STM32_IDE\STM32CubeIDE_1.4.0\STM32CubeIDE\plugins\com.st.stm32cube.common.mx_6.0.0.202007160824\\db\/plugins/mcufinder/images/boards/stm32u575i-ev_small.jpg
2022-06-25 20:45:55,052 [ERROR] DbBoards:189 - Image file not found for board STM32WB5MM-DK: E:\Programs\STM32_IDE\STM32CubeIDE_1.4.0\STM32CubeIDE\plugins\com.st.stm32cube.common.mx_6.0.0.202007160824\\db\/plugins/mcufinder/images/boards/STM32WB5MM-DK_small.jpg
2022-06-25 20:45:55,053 [INFO] ApiDb:201 - Load user favorites file C:\Users\101/.stm32cubemx/favorites.boards.txt: 0 item(s)
2022-06-25 20:45:55,053 [INFO] ApiDb:205 - User favorites Boards=[]
2022-06-25 20:45:55,054 [INFO] DbBoards:206 - Set 0 / 0 favorites Boards
2022-06-25 20:45:55,056 [INFO] DbBoardsDocs:81 - Found 418 boards documents
2022-06-25 20:45:55,056 [INFO] ApiDb:226 - Save user favorites file C:\Users\101/.stm32cubemx/favorites.boards.txt: 0 item(s)
2022-06-25 20:45:55,057 [INFO] ApiDb:230 - User favorites Boards=[]
2022-06-25 20:45:55,059 [INFO] DbBoardsPdsc:94 - Found 23 items
2022-06-25 20:45:55,060 [INFO] DbBoardsPdsc:94 - Found 9 items
2022-06-25 20:45:55,061 [INFO] DbBoardsPdsc:94 - Found 29 items
2022-06-25 20:45:55,062 [INFO] DbBoardsPdsc:94 - Found 1 items
2022-06-25 20:45:55,065 [INFO] DbBoardsPdsc:94 - Found 44 items
2022-06-25 20:45:55,068 [INFO] DbBoardsPdsc:94 - Found 40 items
2022-06-25 20:45:55,069 [INFO] DbBoardsPdsc:94 - Found 2 items
2022-06-25 20:45:55,070 [INFO] DbBoardsPdsc:94 - Found 4 items
2022-06-25 20:45:55,072 [WARN] DbBoardsPdsc:258 - Board STM32H7B3I-DK: unknown feature type=Audio, name=, username=Audio stereo codec with Headphone Amp (CS42L51-CNZ), n=1
2022-06-25 20:45:55,072 [WARN] DbBoardsPdsc:258 - Board STM32H735G-DK: unknown feature type=Audio, name=, username=Audio stereo codec with Headphone Amp (WM8994ECS/R), n=1
2022-06-25 20:45:55,074 [WARN] DbBoardsPdsc:258 - Board STM32H7B3I-EVAL: unknown feature type=Audio, name=, username=Multi-Channel Audio Codec (CS42L51-CNZ), n=1
2022-06-25 20:45:55,074 [WARN] DbBoardsPdsc:258 - Board STM32H7B3I-EVAL: unknown feature type=Meter, name=, username=Power-metering and Temperature-monitoring with sigma-delta modulators, n=1
2022-06-25 20:45:55,074 [WARN] DbBoardsPdsc:258 - Board STM32H7B3I-EVAL: unknown feature type=Motor, name=, username=Motor Control, n=1
2022-06-25 20:45:55,084 [INFO] DbBoardsJson:85 - JSON generation date=Tue Nov 16 18:17:54 EET 2021 (1637079474)
2022-06-25 20:45:55,089 [INFO] DbBoards:117 - Found 166 boards (149 are supported by CubeMX)
2022-06-25 20:45:55,089 [WARN] DbBoards:127 - board B-L475E-IOT01A2 has no document id list !
2022-06-25 20:45:55,091 [WARN] DbBoards:127 - board NUCLEO-H743ZI has no document id list !
2022-06-25 20:45:55,092 [WARN] DbBoards:127 - board P-NUCLEO-WB55-Nucleo has no document id list !
2022-06-25 20:45:55,092 [WARN] DbBoards:127 - board P-NUCLEO-WB55-USBDongle has no document id list !
2022-06-25 20:45:55,092 [WARN] DbBoards:127 - board STEVAL-BFA001V1B has no document id list !
2022-06-25 20:45:55,092 [WARN] DbBoards:127 - board STEVAL-BFA001V2B has no document id list !
2022-06-25 20:45:55,092 [WARN] DbBoards:127 - board STEVAL-IDP005V1 has no document id list !
2022-06-25 20:45:55,092 [WARN] DbBoards:127 - board STEVAL-IDP005V2 has no document id list !
2022-06-25 20:45:55,092 [WARN] DbBoards:127 - board STEVAL-MKSBOX1V1 has no document id list !
2022-06-25 20:45:55,092 [WARN] DbBoards:127 - board STEVAL-STWINKT1 has no document id list !
2022-06-25 20:45:55,092 [WARN] DbBoards:127 - board STEVAL-STWINKT1B has no document id list !
2022-06-25 20:45:55,092 [WARN] DbBoards:127 - board STM32439I-EVAL2 has no document id list !
2022-06-25 20:45:55,093 [WARN] DbBoards:127 - board STM32F401C-DISCO has no document id list !
2022-06-25 20:45:55,093 [WARN] DbBoards:127 - board STM32F769I-DISC1 has no document id list !
2022-06-25 20:45:55,094 [WARN] DbBoards:127 - board STM32G474E-EVAL1 has no document id list !
2022-06-25 20:45:55,094 [WARN] DbBoards:127 - board STM32H743I-EVAL2 has no document id list !
2022-06-25 20:45:55,094 [WARN] DbBoards:127 - board STM32H747I-DISC1 has no document id list !
2022-06-25 20:45:55,094 [WARN] DbBoards:127 - board STM32H753I-EVAL2 has no document id list !
2022-06-25 20:45:55,094 [WARN] DbBoards:127 - board STM32L-DISCOVERY has no document id list !
2022-06-25 20:45:55,129 [ERROR] DbBoards:189 - Image file not found for board B-L462E-CELL1: E:\Programs\STM32_IDE\STM32CubeIDE_1.4.0\STM32CubeIDE\plugins\com.st.stm32cube.common.mx_6.0.0.202007160824\\db\/plugins/mcufinder/images/boards/B-L462E-CELL1_small.jpg
2022-06-25 20:45:55,153 [ERROR] DbBoards:189 - Image file not found for board B-U585I-IOT02A: E:\Programs\STM32_IDE\STM32CubeIDE_1.4.0\STM32CubeIDE\plugins\com.st.stm32cube.common.mx_6.0.0.202007160824\\db\/plugins/mcufinder/images/boards/B-U585I-IOT02A_small.jpg
2022-06-25 20:45:55,201 [ERROR] DbBoards:189 - Image file not found for board NUCLEO-F413ZH: E:\Programs\STM32_IDE\STM32CubeIDE_1.4.0\STM32CubeIDE\plugins\com.st.stm32cube.common.mx_6.0.0.202007160824\\db\/plugins/mcufinder/images/boards/nucleo-f413zh_small.jpg
2022-06-25 20:45:55,303 [ERROR] DbBoards:189 - Image file not found for board NUCLEO-L552ZE-Q: E:\Programs\STM32_IDE\STM32CubeIDE_1.4.0\STM32CubeIDE\plugins\com.st.stm32cube.common.mx_6.0.0.202007160824\\db\/plugins/mcufinder/images/boards/nucleo_l552ze_q_small.jpg
2022-06-25 20:45:55,304 [ERROR] DbBoards:189 - Image file not found for board NUCLEO-U575ZI-Q: E:\Programs\STM32_IDE\STM32CubeIDE_1.4.0\STM32CubeIDE\plugins\com.st.stm32cube.common.mx_6.0.0.202007160824\\db\/plugins/mcufinder/images/boards/nucleo-u575zi-q_small.jpg
2022-06-25 20:45:55,304 [ERROR] DbBoards:189 - Image file not found for board NUCLEO-WB15CC: E:\Programs\STM32_IDE\STM32CubeIDE_1.4.0\STM32CubeIDE\plugins\com.st.stm32cube.common.mx_6.0.0.202007160824\\db\/plugins/mcufinder/images/boards/nucleo-wb15cc_small.jpg
2022-06-25 20:45:55,304 [ERROR] DbBoards:189 - Image file not found for board NUCLEO-WB55RG: E:\Programs\STM32_IDE\STM32CubeIDE_1.4.0\STM32CubeIDE\plugins\com.st.stm32cube.common.mx_6.0.0.202007160824\\db\/plugins/mcufinder/images/boards/nucleo-wb55rg_small.jpg
2022-06-25 20:45:55,304 [ERROR] DbBoards:189 - Image file not found for board NUCLEO-WL55JC: E:\Programs\STM32_IDE\STM32CubeIDE_1.4.0\STM32CubeIDE\plugins\com.st.stm32cube.common.mx_6.0.0.202007160824\\db\/plugins/mcufinder/images/boards/nucleo-wl55jc-small.jpg
2022-06-25 20:45:55,380 [ERROR] DbBoards:189 - Image file not found for board STEVAL-STWINKT1B: E:\Programs\STM32_IDE\STM32CubeIDE_1.4.0\STM32CubeIDE\plugins\com.st.stm32cube.common.mx_6.0.0.202007160824\\db\/plugins/mcufinder/images/boards/steval-stwinkt1b_small.jpg
2022-06-25 20:45:55,551 [ERROR] DbBoards:189 - Image file not found for board STM32G0C1E-EV: E:\Programs\STM32_IDE\STM32CubeIDE_1.4.0\STM32CubeIDE\plugins\com.st.stm32cube.common.mx_6.0.0.202007160824\\db\/plugins/mcufinder/images/boards/stm32g0c1e-eval_small.jpg
2022-06-25 20:45:55,596 [ERROR] DbBoards:189 - Image file not found for board STM32H7B3I-EVAL: E:\Programs\STM32_IDE\STM32CubeIDE_1.4.0\STM32CubeIDE\plugins\com.st.stm32cube.common.mx_6.0.0.202007160824\\db\/plugins/mcufinder/images/boards/stm32h7b3ieval_small.jpg
2022-06-25 20:45:55,682 [ERROR] DbBoards:189 - Image file not found for board STM32U575I-EV: E:\Programs\STM32_IDE\STM32CubeIDE_1.4.0\STM32CubeIDE\plugins\com.st.stm32cube.common.mx_6.0.0.202007160824\\db\/plugins/mcufinder/images/boards/stm32u575i-ev_small.jpg
2022-06-25 20:45:55,696 [ERROR] DbBoards:189 - Image file not found for board STM32WB5MM-DK: E:\Programs\STM32_IDE\STM32CubeIDE_1.4.0\STM32CubeIDE\plugins\com.st.stm32cube.common.mx_6.0.0.202007160824\\db\/plugins/mcufinder/images/boards/STM32WB5MM-DK_small.jpg
2022-06-25 20:45:55,696 [INFO] ApiDb:201 - Load user favorites file C:\Users\101/.stm32cubemx/favorites.boards.txt: 0 item(s)
2022-06-25 20:45:55,696 [INFO] ApiDb:205 - User favorites Boards=[]
2022-06-25 20:45:55,697 [INFO] DbBoards:206 - Set 0 / 0 favorites Boards
2022-06-25 20:45:55,832 [INFO] DbExamplesSqlite:156 - SQLite db open (C:\Users\101\.stmcufinder\plugins\mcufinder\mcu\cube-finder-db.db)
2022-06-25 20:45:56,303 [INFO] DbExamplesSqlite:447 - Ignored 0 examples not supported by CubeIDE
2022-06-25 20:45:56,303 [INFO] DbExamplesSqlite:448 - Found 6144 examples active
2022-06-25 20:45:56,304 [INFO] DbExamplesSqlite:449 - Found 64 examples obsolete
2022-06-25 20:45:56,304 [INFO] DbExamplesSqlite:450 - Found 0 examples under development
2022-06-25 20:45:56,304 [INFO] DbExamplesSqlite:451 - Found 96 examples not building
2022-06-25 20:45:56,324 [INFO] DbExamplesSqlite:130 - SQLite Data Model version=2.1
2022-06-25 20:45:56,324 [INFO] DbExamplesSqlite:131 - SQLite Configuration version=3.0.30
2022-06-25 20:45:56,324 [INFO] DbExamplesSqlite:132 - SQLite generation date=2022-04-28 (1651152914)
2022-06-25 20:45:56,324 [INFO] DbExamplesSqlite:133 - SQLite FW Pack versions=[STM32Cube_FW_C0_V1.0.0, STM32Cube_FW_F4_V1.27.0, STM32Cube_FW_F7_V1.16.2, STM32Cube_FW_G0_V1.5.1, STM32Cube_FW_G4_V1.5.0, STM32Cube_FW_H7_V1.10.0, STM32Cube_FW_L5_V1.4.0, STM32Cube_FW_U5_V1.1.0, STM32Cube_FW_WB_V1.13.3, STM32Cube_FW_WL_V1.2.0, X-CUBE-ALGOBUILD_V1.3.0, X-CUBE-ALS_V1.0.1, X-CUBE-AZRTOS-F4_V1.0.0, X-CUBE-AZRTOS-F7_V1.0.0, X-CUBE-AZRTOS-G0_V1.0.0, X-CUBE-AZRTOS-G4_V1.0.0, X-CUBE-AZRTOS-H7_V2.1.0, X-CUBE-AZRTOS-L4_V1.0.0, X-CUBE-AZRTOS-L5_V1.0.0, X-CUBE-AZRTOS-WL_V1.0.0, X-CUBE-BLE1_V6.2.3, X-CUBE-BLE2_V3.2.2, X-CUBE-EEPRMA1_V3.1.1, X-CUBE-GNSS1_V5.2.0, X-CUBE-MEMS1_V9.1.0, X-CUBE-NFC4_V2.0.3, X-CUBE-NFC7_V1.0.0, X-CUBE-SFXS2LP1_V3.1.0, X-CUBE-SUBG2_V4.2.0]
2022-06-25 20:45:56,325 [INFO] DbExamples:123 - Found 6240 examples
2022-06-25 20:45:56,624 [ERROR] DbExamples:199 - Found 6240 examples with invalid data (board or MCU)
2022-06-25 20:45:56,624 [INFO] DbExamples:215 - Found 72 boards with related examples
2022-06-25 20:45:56,625 [INFO] DbExamples:228 - Found 0 MCUs with related examples
2022-06-25 20:45:56,650 [INFO] ApiDb:192 - User favorites file not found: C:\Users\101/.stm32cubemx/favorites.examples.txt
2022-06-25 20:45:56,650 [INFO] DbExamples:249 - Set 0 / 0 favorites Examples
2022-06-25 20:45:56,963 [INFO] McuFinderGlobals:40 - Set McuFinder mode to 2 (CubeIDE integrated)
2022-06-25 20:45:57,074 [INFO] CrossSelectorPresenter:1330 - Cross Selector saved comparison directory: C:\Users\101\.stmcufinder\plugins\mcufinder\mcu\cs_comparisons_mx
2022-06-25 20:45:57,078 [INFO] MultiScanPanel:193 - Auto-refresh data requested => check proxy status ongoing
2022-06-25 20:45:57,079 [INFO] FinderPluginLoader:87 - Searching for filters in installed packs
2022-06-25 20:45:57,501 [INFO] LoadUrlFilesThread:162 - End of LoadServerUrlFiles without Thread
2022-06-25 20:45:57,505 [INFO] DetailPanel:331 - Set advertising image to C:/Users/101/STM32Cube/Repository/\stm32cubemx-promo_image.jpg
2022-06-25 20:45:57,742 [INFO] McuFilterPanel:245 - Update 0 favorites MCUs
2022-06-25 20:46:01,990 [INFO] RetryExec:97 - I/O exception (org.apache.http.NoHttpResponseException) caught when processing request to {s}->https://download.eclipse.org:443: The target server failed to respond
2022-06-25 20:46:01,992 [INFO] RetryExec:113 - Retrying request to {s}->https://download.eclipse.org:443
2022-06-25 20:46:02,857 [INFO] RetryExec:97 - I/O exception (org.apache.http.NoHttpResponseException) caught when processing request to {s}->https://archive.eclipse.org:443: The target server failed to respond
2022-06-25 20:46:02,857 [INFO] RetryExec:113 - Retrying request to {s}->https://archive.eclipse.org:443
2022-06-25 20:46:03,740 [INFO] RetryExec:97 - I/O exception (org.apache.http.NoHttpResponseException) caught when processing request to {s}->https://download.eclipse.org:443: The target server failed to respond
2022-06-25 20:46:03,740 [INFO] RetryExec:113 - Retrying request to {s}->https://download.eclipse.org:443
2022-06-25 20:46:33,294 [INFO] LogOutputStream:76 - [STDOUT_REDIRECT] withoutVersionV1.8.4
2022-06-25 20:46:33,294 [INFO] LogOutputStream:76 - [STDOUT_REDIRECT] withoutVersionV1.8.3
2022-06-25 20:46:33,295 [INFO] LogOutputStream:76 - [STDOUT_REDIRECT] withoutVersionV1.8.2
2022-06-25 20:46:33,295 [INFO] LogOutputStream:76 - [STDOUT_REDIRECT] withoutVersionV1.8.1
2022-06-25 20:46:33,295 [INFO] LogOutputStream:76 - [STDOUT_REDIRECT] withoutVersionV1.8.0
2022-06-25 20:46:39,976 [INFO] ApiDb:226 - Save user favorites file C:\Users\101/.stm32cubeide/favorites.mcus.txt: 0 item(s)
2022-06-25 20:46:39,976 [INFO] ApiDb:230 - User favorites MCUs=[]
2022-06-26 00:47:56,113 [INFO] Activator:178 - 


2022-06-26 00:47:56,147 [INFO] Activator:179 - !SESSION log4j initialized
2022-06-26 00:48:44,212 [INFO] RetryExec:97 - I/O exception (org.apache.http.NoHttpResponseException) caught when processing request to {s}->https://download.eclipse.org:443: The target server failed to respond
2022-06-26 00:48:44,214 [INFO] RetryExec:113 - Retrying request to {s}->https://download.eclipse.org:443
2022-06-26 00:48:45,104 [INFO] RetryExec:97 - I/O exception (org.apache.http.NoHttpResponseException) caught when processing request to {s}->https://archive.eclipse.org:443: The target server failed to respond
2022-06-26 00:48:45,104 [INFO] RetryExec:113 - Retrying request to {s}->https://archive.eclipse.org:443
2022-06-26 00:48:45,961 [INFO] RetryExec:97 - I/O exception (org.apache.http.NoHttpResponseException) caught when processing request to {s}->https://download.eclipse.org:443: The target server failed to respond
2022-06-26 00:48:45,961 [INFO] RetryExec:113 - Retrying request to {s}->https://download.eclipse.org:443
