2022-06-10 19:24:48,909 [INFO] Activator:178 - 


2022-06-10 19:24:48,912 [INFO] Activator:179 - !SESSION log4j initialized
2022-06-10 19:25:28,489 [INFO] RetryExec:97 - I/O exception (org.apache.http.NoHttpResponseException) caught when processing request to {s}->https://download.eclipse.org:443: The target server failed to respond
2022-06-10 19:25:28,490 [INFO] RetryExec:113 - Retrying request to {s}->https://download.eclipse.org:443
2022-06-10 19:25:29,826 [INFO] RetryExec:97 - I/O exception (org.apache.http.NoHttpResponseException) caught when processing request to {s}->https://archive.eclipse.org:443: The target server failed to respond
2022-06-10 19:25:29,826 [INFO] RetryExec:113 - Retrying request to {s}->https://archive.eclipse.org:443
2022-06-10 19:29:44,314 [INFO] ApplicationProperties:181 - Using Application install path: E:\Programs\STM32_IDE\STM32CubeIDE_1.4.0\STM32CubeIDE\plugins\com.st.stm32cube.common.mx_6.0.0.202007160824
2022-06-10 19:29:44,332 [INFO] DbMcusXml:70 - Set database path to: E:\Programs\STM32_IDE\STM32CubeIDE_1.4.0\STM32CubeIDE\plugins\com.st.stm32cube.common.mx_6.0.0.202007160824\\db\/mcu/
2022-06-10 19:29:44,335 [INFO] DbBoardsPdsc:56 - Set plugin database path to: E:\Programs\STM32_IDE\STM32CubeIDE_1.4.0\STM32CubeIDE\plugins\com.st.stm32cube.common.mx_6.0.0.202007160824\\db\/plugins/boardmanager/
2022-06-10 19:29:44,335 [INFO] DbMcus:258 - Set plugin images path to: E:\Programs\STM32_IDE\STM32CubeIDE_1.4.0\STM32CubeIDE\plugins\com.st.stm32cube.common.mx_6.0.0.202007160824\\db\/plugins/mcufinder/images/
2022-06-10 19:29:44,335 [INFO] DbBoards:264 - Set plugin images path to: E:\Programs\STM32_IDE\STM32CubeIDE_1.4.0\STM32CubeIDE\plugins\com.st.stm32cube.common.mx_6.0.0.202007160824\\db\/plugins/mcufinder/images/
2022-06-10 19:29:44,337 [INFO] DbExamples:326 - Set plugin images path to: E:\Programs\STM32_IDE\STM32CubeIDE_1.4.0\STM32CubeIDE\plugins\com.st.stm32cube.common.mx_6.0.0.202007160824\\db\/plugins/mcufinder/images/
2022-06-10 19:29:44,397 [INFO] DbMcusDocs:112 - Set database path to: C:\Users\101\.stmcufinder\plugins\mcufinder//mcu/
2022-06-10 19:29:44,399 [INFO] DbMcusJson:63 - Set database path to: C:\Users\101\.stmcufinder\plugins\mcufinder//mcu/
2022-06-10 19:29:44,400 [INFO] DbBoardsDocs:112 - Set database path to: C:\Users\101\.stmcufinder\plugins\mcufinder//mcu/
2022-06-10 19:29:44,401 [INFO] DbBoardsJson:56 - Set database path to: C:\Users\101\.stmcufinder\plugins\mcufinder//mcu/
2022-06-10 19:29:44,464 [INFO] CrossReferenceDbSqlite:196 - Set database path to: C:\Users\101\.stmcufinder\plugins\mcufinder//mcu/cs/
2022-06-10 19:29:44,467 [INFO] DbExamplesSqlite:800 - Set database path to: C:\Users\101\.stmcufinder\plugins\mcufinder//mcu/
2022-06-10 19:29:44,632 [INFO] RulesReader:52 - Compatibility file has been processed (209 Rules)
2022-06-10 19:29:44,721 [INFO] MicroXplorer:564 - Detected Java Version = 1.8.0_252
2022-06-10 19:29:44,721 [INFO] DbMcusXml:70 - Set database path to: E:\Programs\STM32_IDE\STM32CubeIDE_1.4.0\STM32CubeIDE\plugins\com.st.stm32cube.common.mx_6.0.0.202007160824\\db\/mcu/
2022-06-10 19:29:44,721 [INFO] DbBoardsPdsc:56 - Set plugin database path to: E:\Programs\STM32_IDE\STM32CubeIDE_1.4.0\STM32CubeIDE\plugins\com.st.stm32cube.common.mx_6.0.0.202007160824\\db\/plugins/boardmanager/
2022-06-10 19:29:44,722 [INFO] DbMcus:258 - Set plugin images path to: E:\Programs\STM32_IDE\STM32CubeIDE_1.4.0\STM32CubeIDE\plugins\com.st.stm32cube.common.mx_6.0.0.202007160824\\db\/plugins/mcufinder/images/
2022-06-10 19:29:44,722 [INFO] DbBoards:264 - Set plugin images path to: E:\Programs\STM32_IDE\STM32CubeIDE_1.4.0\STM32CubeIDE\plugins\com.st.stm32cube.common.mx_6.0.0.202007160824\\db\/plugins/mcufinder/images/
2022-06-10 19:29:44,722 [INFO] DbExamples:326 - Set plugin images path to: E:\Programs\STM32_IDE\STM32CubeIDE_1.4.0\STM32CubeIDE\plugins\com.st.stm32cube.common.mx_6.0.0.202007160824\\db\/plugins/mcufinder/images/
2022-06-10 19:29:44,722 [WARN] DbFile:36 - Overriding database path with different value: C:\Users\101\.stmcufinder\plugins\mcufinder/ => C:\Users\101\.stmcufinder\plugins\mcufinder
2022-06-10 19:29:44,723 [INFO] DbMcusDocs:112 - Set database path to: C:\Users\101\.stmcufinder\plugins\mcufinder//mcu/
2022-06-10 19:29:44,723 [WARN] DbFile:36 - Overriding database path with different value: C:\Users\101\.stmcufinder\plugins\mcufinder/ => C:\Users\101\.stmcufinder\plugins\mcufinder
2022-06-10 19:29:44,723 [INFO] DbMcusJson:63 - Set database path to: C:\Users\101\.stmcufinder\plugins\mcufinder//mcu/
2022-06-10 19:29:44,723 [WARN] DbFile:36 - Overriding database path with different value: C:\Users\101\.stmcufinder\plugins\mcufinder/ => C:\Users\101\.stmcufinder\plugins\mcufinder
2022-06-10 19:29:44,723 [INFO] DbBoardsDocs:112 - Set database path to: C:\Users\101\.stmcufinder\plugins\mcufinder//mcu/
2022-06-10 19:29:44,723 [WARN] DbFile:36 - Overriding database path with different value: C:\Users\101\.stmcufinder\plugins\mcufinder/ => C:\Users\101\.stmcufinder\plugins\mcufinder
2022-06-10 19:29:44,723 [INFO] DbBoardsJson:56 - Set database path to: C:\Users\101\.stmcufinder\plugins\mcufinder//mcu/
2022-06-10 19:29:44,723 [WARN] DbFile:36 - Overriding database path with different value: C:\Users\101\.stmcufinder\plugins\mcufinder/ => C:\Users\101\.stmcufinder\plugins\mcufinder
2022-06-10 19:29:44,723 [WARN] DbFile:36 - Overriding database path with different value: C:\Users\101\.stmcufinder\plugins\mcufinder/ => C:\Users\101\.stmcufinder\plugins\mcufinder
2022-06-10 19:29:44,724 [INFO] CrossReferenceDbSqlite:196 - Set database path to: C:\Users\101\.stmcufinder\plugins\mcufinder//mcu/cs/
2022-06-10 19:29:44,724 [WARN] DbFile:36 - Overriding database path with different value: C:\Users\101\.stmcufinder\plugins\mcufinder/ => C:\Users\101\.stmcufinder\plugins\mcufinder
2022-06-10 19:29:44,724 [INFO] DbExamplesSqlite:800 - Set database path to: C:\Users\101\.stmcufinder\plugins\mcufinder//mcu/
2022-06-10 19:29:44,816 [INFO] MainPanel:189 - HeapMemory: 401604608
2022-06-10 19:29:44,879 [INFO] DbMcusXml:70 - Set database path to: E:\Programs\STM32_IDE\STM32CubeIDE_1.4.0\STM32CubeIDE\plugins\com.st.stm32cube.common.mx_6.0.0.202007160824\\db\/mcu/
2022-06-10 19:29:44,879 [INFO] DbBoardsPdsc:56 - Set plugin database path to: E:\Programs\STM32_IDE\STM32CubeIDE_1.4.0\STM32CubeIDE\plugins\com.st.stm32cube.common.mx_6.0.0.202007160824\\db\/plugins/boardmanager/
2022-06-10 19:29:44,879 [INFO] DbMcus:258 - Set plugin images path to: E:\Programs\STM32_IDE\STM32CubeIDE_1.4.0\STM32CubeIDE\plugins\com.st.stm32cube.common.mx_6.0.0.202007160824\\db\/plugins/mcufinder/images/
2022-06-10 19:29:44,879 [INFO] DbBoards:264 - Set plugin images path to: E:\Programs\STM32_IDE\STM32CubeIDE_1.4.0\STM32CubeIDE\plugins\com.st.stm32cube.common.mx_6.0.0.202007160824\\db\/plugins/mcufinder/images/
2022-06-10 19:29:44,879 [INFO] DbExamples:326 - Set plugin images path to: E:\Programs\STM32_IDE\STM32CubeIDE_1.4.0\STM32CubeIDE\plugins\com.st.stm32cube.common.mx_6.0.0.202007160824\\db\/plugins/mcufinder/images/
2022-06-10 19:29:44,880 [WARN] DbFile:36 - Overriding database path with different value: C:\Users\101\.stmcufinder\plugins\mcufinder/ => C:\Users\101\.stmcufinder\plugins\mcufinder
2022-06-10 19:29:44,880 [INFO] DbMcusDocs:112 - Set database path to: C:\Users\101\.stmcufinder\plugins\mcufinder//mcu/
2022-06-10 19:29:44,880 [WARN] DbFile:36 - Overriding database path with different value: C:\Users\101\.stmcufinder\plugins\mcufinder/ => C:\Users\101\.stmcufinder\plugins\mcufinder
2022-06-10 19:29:44,880 [INFO] DbMcusJson:63 - Set database path to: C:\Users\101\.stmcufinder\plugins\mcufinder//mcu/
2022-06-10 19:29:44,880 [WARN] DbFile:36 - Overriding database path with different value: C:\Users\101\.stmcufinder\plugins\mcufinder/ => C:\Users\101\.stmcufinder\plugins\mcufinder
2022-06-10 19:29:44,880 [INFO] DbBoardsDocs:112 - Set database path to: C:\Users\101\.stmcufinder\plugins\mcufinder//mcu/
2022-06-10 19:29:44,880 [WARN] DbFile:36 - Overriding database path with different value: C:\Users\101\.stmcufinder\plugins\mcufinder/ => C:\Users\101\.stmcufinder\plugins\mcufinder
2022-06-10 19:29:44,881 [INFO] DbBoardsJson:56 - Set database path to: C:\Users\101\.stmcufinder\plugins\mcufinder//mcu/
2022-06-10 19:29:44,881 [WARN] DbFile:36 - Overriding database path with different value: C:\Users\101\.stmcufinder\plugins\mcufinder/ => C:\Users\101\.stmcufinder\plugins\mcufinder
2022-06-10 19:29:44,881 [WARN] DbFile:36 - Overriding database path with different value: C:\Users\101\.stmcufinder\plugins\mcufinder/ => C:\Users\101\.stmcufinder\plugins\mcufinder
2022-06-10 19:29:44,881 [INFO] CrossReferenceDbSqlite:196 - Set database path to: C:\Users\101\.stmcufinder\plugins\mcufinder//mcu/cs/
2022-06-10 19:29:44,881 [WARN] DbFile:36 - Overriding database path with different value: C:\Users\101\.stmcufinder\plugins\mcufinder/ => C:\Users\101\.stmcufinder\plugins\mcufinder
2022-06-10 19:29:44,881 [INFO] DbExamplesSqlite:800 - Set database path to: C:\Users\101\.stmcufinder\plugins\mcufinder//mcu/
2022-06-10 19:29:44,894 [INFO] ApplicationProperties:181 - Using Application install path: E:\Programs\STM32_IDE\STM32CubeIDE_1.4.0\STM32CubeIDE\plugins\com.st.stm32cube.common.mx_6.0.0.202007160824
2022-06-10 19:29:44,895 [INFO] PluginManage:178 - Search for loadable plugins [exclusion list=, ]
2022-06-10 19:29:44,896 [INFO] PluginManage:292 - Check plugin analytics
2022-06-10 19:29:49,604 [INFO] AnalyticsPlugin:203 - Accepted Software Licenses: 
2022-06-10 19:29:49,604 [INFO] AnalyticsPlugin:205 - Accepted CMSIS Pack Licenses: 
2022-06-10 19:29:49,604 [INFO] AnalyticsPlugin:207 - Accepted Firmware Licenses: 
2022-06-10 19:29:49,605 [INFO] PluginManage:342 - Loaded plugin analytics (category:tool,tabindex:-1)
2022-06-10 19:29:49,605 [INFO] PluginManage:292 - Check plugin clock
2022-06-10 19:29:49,634 [INFO] PluginManage:342 - Loaded plugin clock (category:base,tabindex:2)
2022-06-10 19:29:49,635 [INFO] PluginManage:292 - Check plugin ddr
2022-06-10 19:29:49,636 [INFO] PluginManage:342 - Loaded plugin ddr (category:tool,tabindex:6)
2022-06-10 19:29:49,636 [INFO] PluginManage:292 - Check plugin filemanager
2022-06-10 19:29:49,773 [INFO] PluginManage:342 - Loaded plugin filemanager (category:base,tabindex:10)
2022-06-10 19:29:49,774 [INFO] PluginManage:292 - Check plugin ipmanager
2022-06-10 19:29:49,787 [INFO] PluginManage:342 - Loaded plugin ipmanager (category:base,tabindex:5)
2022-06-10 19:29:49,787 [INFO] PluginManage:292 - Check plugin pinoutandconfiguration
2022-06-10 19:29:49,819 [INFO] PluginManage:342 - Loaded plugin pinoutandconfiguration (category:base,tabindex:1)
2022-06-10 19:29:49,819 [INFO] PluginManage:292 - Check plugin pinoutconfig
2022-06-10 19:29:49,872 [INFO] PluginManage:342 - Loaded plugin pinoutconfig (category:base,tabindex:0)
2022-06-10 19:29:49,873 [INFO] PluginManage:292 - Check plugin power
2022-06-10 19:29:49,916 [INFO] PluginManage:342 - Loaded plugin power (category:power,tabindex:4)
2022-06-10 19:29:49,917 [INFO] PluginManage:292 - Check plugin projectmanager
2022-06-10 19:29:49,926 [INFO] PluginManage:342 - Loaded plugin projectmanager (category:projectmanager,tabindex:3)
2022-06-10 19:29:49,926 [INFO] PluginManage:292 - Check plugin thirdparty
2022-06-10 19:29:50,076 [INFO] ThirdPartyDb:333 - Open Third Party DataBase File (C:/Users/101/.stm32cubemx/plugins/thirdparty/db/thirdparties_db.xml) : 42 ms. number of Sw pack : 48
2022-06-10 19:29:50,080 [INFO] PluginManage:342 - Loaded plugin thirdparty (category:base,tabindex:-1)
2022-06-10 19:29:50,080 [INFO] PluginManage:292 - Check plugin tools
2022-06-10 19:29:50,135 [INFO] PluginManage:342 - Loaded plugin tools (category:base,tabindex:7)
2022-06-10 19:29:50,135 [INFO] PluginManage:292 - Check plugin tutovideos
2022-06-10 19:29:50,367 [INFO] PluginManage:342 - Loaded plugin tutovideos (category:base,tabindex:-1)
2022-06-10 19:29:50,367 [INFO] PluginManage:292 - Check plugin updater
2022-06-10 19:29:50,397 [INFO] PluginManage:342 - Loaded plugin updater (category:base,tabindex:12)
2022-06-10 19:29:50,397 [INFO] PluginManage:265 - PluginManage : Loaded plugins [13]
2022-06-10 19:29:50,540 [INFO] PinOutPanel:1418 - setPackage(No Configuration,No Configuration)
2022-06-10 19:29:50,657 [INFO] IPUIPlugin:64 - create IPUIPlugin
2022-06-10 19:29:50,658 [INFO] PluginManager:200 - loadIPPluginJar : add adc
2022-06-10 19:29:50,712 [INFO] IPUIPlugin:64 - create IPUIPlugin
2022-06-10 19:29:50,713 [INFO] PluginManager:200 - loadIPPluginJar : add aes
2022-06-10 19:29:50,764 [INFO] IPUIPlugin:64 - create IPUIPlugin
2022-06-10 19:29:50,764 [INFO] PluginManager:200 - loadIPPluginJar : add can
2022-06-10 19:29:50,785 [INFO] IPUIPlugin:64 - create IPUIPlugin
2022-06-10 19:29:50,785 [INFO] PluginManager:200 - loadIPPluginJar : add comp
2022-06-10 19:29:50,811 [INFO] IPUIPlugin:64 - create IPUIPlugin
2022-06-10 19:29:50,812 [INFO] PluginManager:200 - loadIPPluginJar : add cryp
2022-06-10 19:29:50,838 [INFO] IPUIPlugin:64 - create IPUIPlugin
2022-06-10 19:29:50,839 [INFO] PluginManager:200 - loadIPPluginJar : add dfsdm
2022-06-10 19:29:50,855 [INFO] IPUIPlugin:64 - create IPUIPlugin
2022-06-10 19:29:50,855 [INFO] PluginManager:200 - loadIPPluginJar : add dma
2022-06-10 19:29:50,874 [INFO] IPUIPlugin:64 - create IPUIPlugin
2022-06-10 19:29:50,874 [INFO] PluginManager:200 - loadIPPluginJar : add fatfs
2022-06-10 19:29:50,934 [INFO] IPUIPlugin:64 - create IPUIPlugin
2022-06-10 19:29:50,934 [INFO] PluginManager:200 - loadIPPluginJar : add fmc
2022-06-10 19:29:50,965 [INFO] IPUIPlugin:64 - create IPUIPlugin
2022-06-10 19:29:50,966 [INFO] PluginManager:200 - loadIPPluginJar : add freertos
2022-06-10 19:29:50,985 [INFO] IPUIPlugin:64 - create IPUIPlugin
2022-06-10 19:29:50,986 [INFO] PluginManager:200 - loadIPPluginJar : add genericplugin
2022-06-10 19:29:51,057 [INFO] IPUIPlugin:64 - create IPUIPlugin
2022-06-10 19:29:51,058 [INFO] PluginManager:200 - loadIPPluginJar : add gfxmmu
2022-06-10 19:29:51,141 [INFO] IPUIPlugin:64 - create IPUIPlugin
2022-06-10 19:29:51,141 [INFO] PluginManager:200 - loadIPPluginJar : add gic
2022-06-10 19:29:51,160 [INFO] IPUIPlugin:64 - create IPUIPlugin
2022-06-10 19:29:51,161 [INFO] PluginManager:200 - loadIPPluginJar : add gpio
2022-06-10 19:29:51,227 [INFO] IPUIPlugin:64 - create IPUIPlugin
2022-06-10 19:29:51,227 [INFO] PluginManager:200 - loadIPPluginJar : add gtzc
2022-06-10 19:29:51,250 [INFO] IPUIPlugin:64 - create IPUIPlugin
2022-06-10 19:29:51,250 [INFO] PluginManager:200 - loadIPPluginJar : add hash
2022-06-10 19:29:51,295 [INFO] IPUIPlugin:64 - create IPUIPlugin
2022-06-10 19:29:51,296 [INFO] PluginManager:200 - loadIPPluginJar : add i2c
2022-06-10 19:29:51,338 [INFO] IPUIPlugin:64 - create IPUIPlugin
2022-06-10 19:29:51,338 [INFO] PluginManager:200 - loadIPPluginJar : add i2s
2022-06-10 19:29:51,360 [INFO] IPUIPlugin:64 - create IPUIPlugin
2022-06-10 19:29:51,361 [INFO] PluginManager:200 - loadIPPluginJar : add ipddr
2022-06-10 19:29:51,404 [INFO] IPUIPlugin:64 - create IPUIPlugin
2022-06-10 19:29:51,404 [INFO] PluginManager:200 - loadIPPluginJar : add ltdc
2022-06-10 19:29:51,430 [INFO] IPUIPlugin:64 - create IPUIPlugin
2022-06-10 19:29:51,430 [INFO] PluginManager:200 - loadIPPluginJar : add mdma
2022-06-10 19:29:51,463 [INFO] IPUIPlugin:64 - create IPUIPlugin
2022-06-10 19:29:51,463 [INFO] PluginManager:200 - loadIPPluginJar : add nvic
2022-06-10 19:29:51,489 [INFO] IPUIPlugin:64 - create IPUIPlugin
2022-06-10 19:29:51,490 [INFO] PluginManager:200 - loadIPPluginJar : add opamp
2022-06-10 19:29:51,557 [INFO] IPUIPlugin:64 - create IPUIPlugin
2022-06-10 19:29:51,557 [INFO] PluginManager:200 - loadIPPluginJar : add openamp
2022-06-10 19:29:51,596 [INFO] IPUIPlugin:64 - create IPUIPlugin
2022-06-10 19:29:51,597 [INFO] PluginManager:200 - loadIPPluginJar : add pdm2pcm
2022-06-10 19:29:51,624 [INFO] IPUIPlugin:64 - create IPUIPlugin
2022-06-10 19:29:51,626 [INFO] PluginManager:200 - loadIPPluginJar : add plateformsettings
2022-06-10 19:29:51,646 [INFO] IPUIPlugin:64 - create IPUIPlugin
2022-06-10 19:29:51,647 [INFO] PluginManager:200 - loadIPPluginJar : add quadspi
2022-06-10 19:29:51,675 [INFO] IPUIPlugin:64 - create IPUIPlugin
2022-06-10 19:29:51,676 [INFO] PluginManager:200 - loadIPPluginJar : add resmgrutility
2022-06-10 19:29:51,734 [INFO] IPUIPlugin:64 - create IPUIPlugin
2022-06-10 19:29:51,734 [INFO] PluginManager:200 - loadIPPluginJar : add sai
2022-06-10 19:29:51,771 [INFO] IPUIPlugin:64 - create IPUIPlugin
2022-06-10 19:29:51,772 [INFO] PluginManager:200 - loadIPPluginJar : add spi
2022-06-10 19:29:51,806 [INFO] IPUIPlugin:64 - create IPUIPlugin
2022-06-10 19:29:51,806 [INFO] PluginManager:200 - loadIPPluginJar : add stm32_wpan
2022-06-10 19:29:51,827 [INFO] IPUIPlugin:64 - create IPUIPlugin
2022-06-10 19:29:51,828 [INFO] PluginManager:200 - loadIPPluginJar : add tim
2022-06-10 19:29:51,885 [INFO] IPUIPlugin:64 - create IPUIPlugin
2022-06-10 19:29:51,885 [INFO] PluginManager:200 - loadIPPluginJar : add touchsensing
2022-06-10 19:29:51,905 [INFO] IPUIPlugin:64 - create IPUIPlugin
2022-06-10 19:29:51,905 [INFO] PluginManager:200 - loadIPPluginJar : add tracer_emb
2022-06-10 19:29:51,927 [INFO] IPUIPlugin:64 - create IPUIPlugin
2022-06-10 19:29:51,927 [INFO] PluginManager:200 - loadIPPluginJar : add ts
2022-06-10 19:29:51,949 [INFO] IPUIPlugin:64 - create IPUIPlugin
2022-06-10 19:29:51,949 [INFO] PluginManager:200 - loadIPPluginJar : add tsc
2022-06-10 19:29:51,969 [INFO] IPUIPlugin:64 - create IPUIPlugin
2022-06-10 19:29:51,969 [INFO] PluginManager:200 - loadIPPluginJar : add ucpd
2022-06-10 19:29:52,013 [INFO] IPUIPlugin:64 - create IPUIPlugin
2022-06-10 19:29:52,013 [INFO] PluginManager:200 - loadIPPluginJar : add usart
2022-06-10 19:29:52,450 [INFO] CubeProgrammer:457 - [DDR PANEL] - PathOfProgrammer: null
2022-06-10 19:29:53,058 [FATAL] Updater:282 - Updater called before beeing initialized
2022-06-10 19:29:53,290 [FATAL] Updater:282 - Updater called before beeing initialized
2022-06-10 19:29:53,291 [WARN] ThirdParty:775 - waiting for thirdparty lock release [close project]
2022-06-10 19:29:53,291 [INFO] ThirdParty:777 - entering critical section [close project]
2022-06-10 19:29:53,292 [INFO] ThirdParty:790 - exiting critical section [close project]
2022-06-10 19:29:53,294 [INFO] PinOutPanel:1418 - setPackage(No Configuration,No Configuration)
2022-06-10 19:29:53,294 [FATAL] Updater:282 - Updater called before beeing initialized
2022-06-10 19:29:53,308 [ERROR] Updater:967 - MainUpdater not yet initialized. External WinMGr cannot be set.
2022-06-10 19:29:53,309 [INFO] CubeProgrammer:457 - [DDR PANEL] - PathOfProgrammer: E:\Programs\STM32_IDE\STM32CubeIDE_1.4.0\STM32CubeIDE\plugins\com.st.stm32cube.ide.mcu.externaltools.cubeprogrammer.win32_1.4.0.202007081208\tools\bin
2022-06-10 19:29:53,313 [INFO] ProgrammerExecThread:148 - [ProgrammerAPI] CubeProgrammer command construction: E:\Programs\STM32_IDE\STM32CubeIDE_1.4.0\STM32CubeIDE\plugins\com.st.stm32cube.ide.mcu.externaltools.cubeprogrammer.win32_1.4.0.202007081208\tools\bin\STM32_Programmer_CLI.exe -l
2022-06-10 19:29:53,859 [INFO] MainDdrPanel:49 - [DDR PANEL] SETTER - Set cubeProgrammerPath to: E:\Programs\STM32_IDE\STM32CubeIDE_1.4.0\STM32CubeIDE\plugins\com.st.stm32cube.ide.mcu.externaltools.cubeprogrammer.win32_1.4.0.202007081208\tools\bin
2022-06-10 19:29:54,105 [INFO] Updater:904 - Updater Version found : 6.0.0
2022-06-10 19:29:54,119 [INFO] ApplicationProperties:181 - Using Application install path: E:\Programs\STM32_IDE\STM32CubeIDE_1.4.0\STM32CubeIDE\plugins\com.st.stm32cube.common.mx_6.0.0.202007160824
2022-06-10 19:29:54,477 [INFO] MainUpdater:2268 - connection check result : 10
2022-06-10 19:29:54,478 [INFO] MainUpdater:239 - Updater Check For Update Now.
2022-06-10 19:29:54,478 [INFO] MicroXplorer:414 - Change Database Version : DB.6.0.0
2022-06-10 19:29:54,529 [INFO] MainUpdater:2268 - connection check result : 10
2022-06-10 19:29:54,529 [INFO] CheckServerUpdateThread:102 - End of CheckServer Thread
2022-06-10 19:29:54,914 [INFO] ServerAccessManage:348 - Download File mcusDocs.json._tmp_
2022-06-10 19:29:55,102 [INFO] LoadUrlFilesThread:135 - End of LoadUrlFiles Thread
2022-06-10 19:29:55,219 [INFO] ServerAccessManage:348 - Download File mcusFeaturesAndDescription.json._tmp_
2022-06-10 19:29:56,111 [WARN] IntegrityCheckThread:61 - waiting for thirdparty lock release [integrity check]
2022-06-10 19:29:56,111 [INFO] IntegrityCheckThread:63 - entering critical section [integrity check]
2022-06-10 19:29:56,111 [WARN] MainUpdater:1087 - Updater busy. Cannot search thirdparties
2022-06-10 19:29:59,117 [WARN] MainUpdater:1087 - Updater busy. Cannot search thirdparties
2022-06-10 19:30:02,123 [WARN] MainUpdater:1087 - Updater busy. Cannot search thirdparties
2022-06-10 19:30:03,385 [INFO] LoadUrlFilesThread:135 - End of LoadUrlFiles Thread
2022-06-10 19:30:03,514 [INFO] ServerAccessManage:348 - Download File boardsDocs.json._tmp_
2022-06-10 19:30:03,549 [INFO] LoadUrlFilesThread:135 - End of LoadUrlFiles Thread
2022-06-10 19:30:03,676 [INFO] ServerAccessManage:348 - Download File boards.json._tmp_
2022-06-10 19:30:03,976 [INFO] LoadUrlFilesThread:135 - End of LoadUrlFiles Thread
2022-06-10 19:30:04,358 [INFO] ServerAccessManage:348 - Download File cube-finder-db.zip
2022-06-10 19:30:05,131 [WARN] MainUpdater:1087 - Updater busy. Cannot search thirdparties
2022-06-10 19:30:08,139 [WARN] MainUpdater:1087 - Updater busy. Cannot search thirdparties
2022-06-10 19:30:11,153 [WARN] MainUpdater:1087 - Updater busy. Cannot search thirdparties
2022-06-10 19:30:14,157 [WARN] MainUpdater:1087 - Updater busy. Cannot search thirdparties
2022-06-10 19:30:17,163 [WARN] MainUpdater:1087 - Updater busy. Cannot search thirdparties
2022-06-10 19:30:20,175 [WARN] MainUpdater:1087 - Updater busy. Cannot search thirdparties
2022-06-10 19:30:21,133 [INFO] FileExtend:225 - Unzip File : cube-finder-db.zip
2022-06-10 19:30:21,134 [INFO] FileExtend:240 - Standard Zip Deflate
2022-06-10 19:30:21,687 [INFO] LoadUrlFilesThread:135 - End of LoadUrlFiles Thread
2022-06-10 19:30:22,309 [INFO] ServerAccessManage:348 - Download File crdb.zip
2022-06-10 19:30:23,095 [INFO] FileExtend:225 - Unzip File : crdb.zip
2022-06-10 19:30:23,096 [INFO] FileExtend:240 - Standard Zip Deflate
2022-06-10 19:30:23,117 [INFO] LoadUrlFilesThread:135 - End of LoadUrlFiles Thread
2022-06-10 19:30:23,186 [WARN] MainUpdater:1087 - Updater busy. Cannot search thirdparties
2022-06-10 19:30:23,424 [INFO] ServerAccessManage:348 - Download File tutoVideoDB.zip
2022-06-10 19:30:23,526 [INFO] FileExtend:225 - Unzip File : tutoVideoDB.zip
2022-06-10 19:30:23,528 [INFO] FileExtend:240 - Standard Zip Deflate
2022-06-10 19:30:23,539 [INFO] LoadUrlFilesThread:135 - End of LoadUrlFiles Thread
2022-06-10 19:30:23,554 [INFO] DbMcusDocs:145 - JSON generation date=Tue Nov 16 18:17:54 EET 2021 (1637079474)
2022-06-10 19:30:23,563 [INFO] DbMcusXml:100 - Load MCU database from E:\Programs\STM32_IDE\STM32CubeIDE_1.4.0\STM32CubeIDE\plugins\com.st.stm32cube.common.mx_6.0.0.202007160824\\db\/mcu/families.xml
2022-06-10 19:30:24,316 [INFO] DbMcusJson:92 - JSON generation date=Tue Nov 16 18:17:54 EET 2021 (1637079474)
2022-06-10 19:30:25,041 [INFO] DbMcus:175 - Found 1761 MCUs (1722 are supported by CubeMX, 1911 are visible in CubeMX)
2022-06-10 19:30:25,041 [INFO] ApiDb:201 - Load user favorites file C:\Users\101/.stm32cubemx/favorites.mcus.txt: 0 item(s)
2022-06-10 19:30:25,041 [INFO] ApiDb:205 - User favorites MCUs=[]
2022-06-10 19:30:25,042 [INFO] DbMcus:187 - Set 0 / 0 favorites MCUs
2022-06-10 19:30:25,161 [INFO] DbMcusDocs:81 - Found 682 MCUs documents
2022-06-10 19:30:25,163 [INFO] ApiDb:226 - Save user favorites file C:\Users\101/.stm32cubemx/favorites.mcus.txt: 0 item(s)
2022-06-10 19:30:25,163 [INFO] ApiDb:230 - User favorites MCUs=[]
2022-06-10 19:30:25,164 [INFO] DbMcusXml:100 - Load MCU database from E:\Programs\STM32_IDE\STM32CubeIDE_1.4.0\STM32CubeIDE\plugins\com.st.stm32cube.common.mx_6.0.0.202007160824\\db\/mcu/families.xml
2022-06-10 19:30:25,523 [INFO] DbMcusJson:92 - JSON generation date=Tue Nov 16 18:17:54 EET 2021 (1637079474)
2022-06-10 19:30:25,947 [INFO] DbMcus:175 - Found 1761 MCUs (1722 are supported by CubeMX, 1911 are visible in CubeMX)
2022-06-10 19:30:25,947 [INFO] ApiDb:201 - Load user favorites file C:\Users\101/.stm32cubemx/favorites.mcus.txt: 0 item(s)
2022-06-10 19:30:25,947 [INFO] ApiDb:205 - User favorites MCUs=[]
2022-06-10 19:30:25,947 [INFO] DbMcus:187 - Set 0 / 0 favorites MCUs
2022-06-10 19:30:25,954 [INFO] DbBoardsDocs:145 - JSON generation date=Tue Nov 16 18:17:54 EET 2021 (1637079474)
2022-06-10 19:30:26,017 [INFO] DbBoardsPdsc:94 - Found 23 items
2022-06-10 19:30:26,042 [INFO] DbBoardsPdsc:94 - Found 9 items
2022-06-10 19:30:26,068 [INFO] DbBoardsPdsc:94 - Found 29 items
2022-06-10 19:30:26,076 [INFO] DbBoardsPdsc:94 - Found 1 items
2022-06-10 19:30:26,101 [INFO] DbBoardsPdsc:94 - Found 44 items
2022-06-10 19:30:26,126 [INFO] DbBoardsPdsc:94 - Found 40 items
2022-06-10 19:30:26,156 [INFO] DbBoardsPdsc:94 - Found 2 items
2022-06-10 19:30:26,165 [INFO] DbBoardsPdsc:94 - Found 4 items
2022-06-10 19:30:26,170 [WARN] DbBoardsPdsc:258 - Board STM32H7B3I-DK: unknown feature type=Audio, name=, username=Audio stereo codec with Headphone Amp (CS42L51-CNZ), n=1
2022-06-10 19:30:26,170 [WARN] DbBoardsPdsc:258 - Board STM32H735G-DK: unknown feature type=Audio, name=, username=Audio stereo codec with Headphone Amp (WM8994ECS/R), n=1
2022-06-10 19:30:26,172 [WARN] DbBoardsPdsc:258 - Board STM32H7B3I-EVAL: unknown feature type=Audio, name=, username=Multi-Channel Audio Codec (CS42L51-CNZ), n=1
2022-06-10 19:30:26,172 [WARN] DbBoardsPdsc:258 - Board STM32H7B3I-EVAL: unknown feature type=Meter, name=, username=Power-metering and Temperature-monitoring with sigma-delta modulators, n=1
2022-06-10 19:30:26,172 [WARN] DbBoardsPdsc:258 - Board STM32H7B3I-EVAL: unknown feature type=Motor, name=, username=Motor Control, n=1
2022-06-10 19:30:26,206 [INFO] DbBoardsJson:85 - JSON generation date=Tue Nov 16 18:17:54 EET 2021 (1637079474)
2022-06-10 19:30:26,215 [INFO] DbBoards:117 - Found 166 boards (149 are supported by CubeMX)
2022-06-10 19:30:26,216 [INFO] DbBoardsDocs:145 - JSON generation date=Tue Nov 16 18:17:54 EET 2021 (1637079474)
2022-06-10 19:30:26,220 [INFO] DbBoardsDocs:81 - Found 209 boards documents
2022-06-10 19:30:26,222 [WARN] DbBoards:127 - board B-L475E-IOT01A2 has no document id list !
2022-06-10 19:30:26,224 [WARN] DbBoards:127 - board NUCLEO-H743ZI has no document id list !
2022-06-10 19:30:26,225 [WARN] DbBoards:127 - board P-NUCLEO-WB55-Nucleo has no document id list !
2022-06-10 19:30:26,225 [WARN] DbBoards:127 - board P-NUCLEO-WB55-USBDongle has no document id list !
2022-06-10 19:30:26,225 [WARN] DbBoards:127 - board STEVAL-BFA001V1B has no document id list !
2022-06-10 19:30:26,225 [WARN] DbBoards:127 - board STEVAL-BFA001V2B has no document id list !
2022-06-10 19:30:26,225 [WARN] DbBoards:127 - board STEVAL-IDP005V1 has no document id list !
2022-06-10 19:30:26,225 [WARN] DbBoards:127 - board STEVAL-IDP005V2 has no document id list !
2022-06-10 19:30:26,226 [WARN] DbBoards:127 - board STEVAL-MKSBOX1V1 has no document id list !
2022-06-10 19:30:26,226 [WARN] DbBoards:127 - board STEVAL-STWINKT1 has no document id list !
2022-06-10 19:30:26,226 [WARN] DbBoards:127 - board STEVAL-STWINKT1B has no document id list !
2022-06-10 19:30:26,226 [WARN] DbBoards:127 - board STM32439I-EVAL2 has no document id list !
2022-06-10 19:30:26,226 [WARN] DbBoards:127 - board STM32F401C-DISCO has no document id list !
2022-06-10 19:30:26,227 [WARN] DbBoards:127 - board STM32F769I-DISC1 has no document id list !
2022-06-10 19:30:26,227 [WARN] DbBoards:127 - board STM32G474E-EVAL1 has no document id list !
2022-06-10 19:30:26,227 [WARN] DbBoards:127 - board STM32H743I-EVAL2 has no document id list !
2022-06-10 19:30:26,227 [WARN] DbBoards:127 - board STM32H747I-DISC1 has no document id list !
2022-06-10 19:30:26,227 [WARN] DbBoards:127 - board STM32H753I-EVAL2 has no document id list !
2022-06-10 19:30:26,228 [WARN] DbBoards:127 - board STM32L-DISCOVERY has no document id list !
2022-06-10 19:30:26,493 [ERROR] DbBoards:189 - Image file not found for board B-L462E-CELL1: E:\Programs\STM32_IDE\STM32CubeIDE_1.4.0\STM32CubeIDE\plugins\com.st.stm32cube.common.mx_6.0.0.202007160824\\db\/plugins/mcufinder/images/boards/B-L462E-CELL1_small.jpg
2022-06-10 19:30:26,546 [ERROR] DbBoards:189 - Image file not found for board B-U585I-IOT02A: E:\Programs\STM32_IDE\STM32CubeIDE_1.4.0\STM32CubeIDE\plugins\com.st.stm32cube.common.mx_6.0.0.202007160824\\db\/plugins/mcufinder/images/boards/B-U585I-IOT02A_small.jpg
2022-06-10 19:30:26,661 [ERROR] DbBoards:189 - Image file not found for board NUCLEO-F413ZH: E:\Programs\STM32_IDE\STM32CubeIDE_1.4.0\STM32CubeIDE\plugins\com.st.stm32cube.common.mx_6.0.0.202007160824\\db\/plugins/mcufinder/images/boards/nucleo-f413zh_small.jpg
2022-06-10 19:30:26,677 [INFO] ThirdPartyDb:299 - Save Third Party DataBase File (C:/Users/101/.stm32cubemx/plugins/thirdparty/db/thirdparties_db.xml) [forced]
2022-06-10 19:30:26,732 [INFO] ThirdPartyDb:299 - Save Third Party DataBase File (C:/Users/101/.stm32cubemx/plugins/thirdparty/db/thirdparties_db.xml) [forced]
2022-06-10 19:30:26,777 [INFO] IntegrityCheckThread:76 - exiting critical section [integrity check]
2022-06-10 19:30:26,777 [INFO] IntegrityCheckThread:79 - End integrity checks thread
2022-06-10 19:30:26,783 [ERROR] DbBoards:189 - Image file not found for board NUCLEO-L552ZE-Q: E:\Programs\STM32_IDE\STM32CubeIDE_1.4.0\STM32CubeIDE\plugins\com.st.stm32cube.common.mx_6.0.0.202007160824\\db\/plugins/mcufinder/images/boards/nucleo_l552ze_q_small.jpg
2022-06-10 19:30:26,783 [ERROR] DbBoards:189 - Image file not found for board NUCLEO-U575ZI-Q: E:\Programs\STM32_IDE\STM32CubeIDE_1.4.0\STM32CubeIDE\plugins\com.st.stm32cube.common.mx_6.0.0.202007160824\\db\/plugins/mcufinder/images/boards/nucleo-u575zi-q_small.jpg
2022-06-10 19:30:26,783 [ERROR] DbBoards:189 - Image file not found for board NUCLEO-WB15CC: E:\Programs\STM32_IDE\STM32CubeIDE_1.4.0\STM32CubeIDE\plugins\com.st.stm32cube.common.mx_6.0.0.202007160824\\db\/plugins/mcufinder/images/boards/nucleo-wb15cc_small.jpg
2022-06-10 19:30:26,783 [ERROR] DbBoards:189 - Image file not found for board NUCLEO-WB55RG: E:\Programs\STM32_IDE\STM32CubeIDE_1.4.0\STM32CubeIDE\plugins\com.st.stm32cube.common.mx_6.0.0.202007160824\\db\/plugins/mcufinder/images/boards/nucleo-wb55rg_small.jpg
2022-06-10 19:30:26,783 [ERROR] DbBoards:189 - Image file not found for board NUCLEO-WL55JC: E:\Programs\STM32_IDE\STM32CubeIDE_1.4.0\STM32CubeIDE\plugins\com.st.stm32cube.common.mx_6.0.0.202007160824\\db\/plugins/mcufinder/images/boards/nucleo-wl55jc-small.jpg
2022-06-10 19:30:27,039 [ERROR] DbBoards:189 - Image file not found for board STEVAL-STWINKT1B: E:\Programs\STM32_IDE\STM32CubeIDE_1.4.0\STM32CubeIDE\plugins\com.st.stm32cube.common.mx_6.0.0.202007160824\\db\/plugins/mcufinder/images/boards/steval-stwinkt1b_small.jpg
2022-06-10 19:30:27,859 [ERROR] DbBoards:189 - Image file not found for board STM32G0C1E-EV: E:\Programs\STM32_IDE\STM32CubeIDE_1.4.0\STM32CubeIDE\plugins\com.st.stm32cube.common.mx_6.0.0.202007160824\\db\/plugins/mcufinder/images/boards/stm32g0c1e-eval_small.jpg
2022-06-10 19:30:28,028 [ERROR] DbBoards:189 - Image file not found for board STM32H7B3I-EVAL: E:\Programs\STM32_IDE\STM32CubeIDE_1.4.0\STM32CubeIDE\plugins\com.st.stm32cube.common.mx_6.0.0.202007160824\\db\/plugins/mcufinder/images/boards/stm32h7b3ieval_small.jpg
2022-06-10 19:30:28,413 [ERROR] DbBoards:189 - Image file not found for board STM32U575I-EV: E:\Programs\STM32_IDE\STM32CubeIDE_1.4.0\STM32CubeIDE\plugins\com.st.stm32cube.common.mx_6.0.0.202007160824\\db\/plugins/mcufinder/images/boards/stm32u575i-ev_small.jpg
2022-06-10 19:30:28,459 [ERROR] DbBoards:189 - Image file not found for board STM32WB5MM-DK: E:\Programs\STM32_IDE\STM32CubeIDE_1.4.0\STM32CubeIDE\plugins\com.st.stm32cube.common.mx_6.0.0.202007160824\\db\/plugins/mcufinder/images/boards/STM32WB5MM-DK_small.jpg
2022-06-10 19:30:28,460 [INFO] ApiDb:201 - Load user favorites file C:\Users\101/.stm32cubemx/favorites.boards.txt: 0 item(s)
2022-06-10 19:30:28,460 [INFO] ApiDb:205 - User favorites Boards=[]
2022-06-10 19:30:28,460 [INFO] DbBoards:206 - Set 0 / 0 favorites Boards
2022-06-10 19:30:28,462 [INFO] DbBoardsDocs:81 - Found 418 boards documents
2022-06-10 19:30:28,462 [INFO] ApiDb:226 - Save user favorites file C:\Users\101/.stm32cubemx/favorites.boards.txt: 0 item(s)
2022-06-10 19:30:28,462 [INFO] ApiDb:230 - User favorites Boards=[]
2022-06-10 19:30:28,464 [INFO] DbBoardsPdsc:94 - Found 23 items
2022-06-10 19:30:28,465 [INFO] DbBoardsPdsc:94 - Found 9 items
2022-06-10 19:30:28,466 [INFO] DbBoardsPdsc:94 - Found 29 items
2022-06-10 19:30:28,467 [INFO] DbBoardsPdsc:94 - Found 1 items
2022-06-10 19:30:28,470 [INFO] DbBoardsPdsc:94 - Found 44 items
2022-06-10 19:30:28,472 [INFO] DbBoardsPdsc:94 - Found 40 items
2022-06-10 19:30:28,473 [INFO] DbBoardsPdsc:94 - Found 2 items
2022-06-10 19:30:28,474 [INFO] DbBoardsPdsc:94 - Found 4 items
2022-06-10 19:30:28,475 [WARN] DbBoardsPdsc:258 - Board STM32H7B3I-DK: unknown feature type=Audio, name=, username=Audio stereo codec with Headphone Amp (CS42L51-CNZ), n=1
2022-06-10 19:30:28,475 [WARN] DbBoardsPdsc:258 - Board STM32H735G-DK: unknown feature type=Audio, name=, username=Audio stereo codec with Headphone Amp (WM8994ECS/R), n=1
2022-06-10 19:30:28,477 [WARN] DbBoardsPdsc:258 - Board STM32H7B3I-EVAL: unknown feature type=Audio, name=, username=Multi-Channel Audio Codec (CS42L51-CNZ), n=1
2022-06-10 19:30:28,477 [WARN] DbBoardsPdsc:258 - Board STM32H7B3I-EVAL: unknown feature type=Meter, name=, username=Power-metering and Temperature-monitoring with sigma-delta modulators, n=1
2022-06-10 19:30:28,477 [WARN] DbBoardsPdsc:258 - Board STM32H7B3I-EVAL: unknown feature type=Motor, name=, username=Motor Control, n=1
2022-06-10 19:30:28,486 [INFO] DbBoardsJson:85 - JSON generation date=Tue Nov 16 18:17:54 EET 2021 (1637079474)
2022-06-10 19:30:28,490 [INFO] DbBoards:117 - Found 166 boards (149 are supported by CubeMX)
2022-06-10 19:30:28,490 [WARN] DbBoards:127 - board B-L475E-IOT01A2 has no document id list !
2022-06-10 19:30:28,490 [WARN] DbBoards:127 - board NUCLEO-H743ZI has no document id list !
2022-06-10 19:30:28,491 [WARN] DbBoards:127 - board P-NUCLEO-WB55-Nucleo has no document id list !
2022-06-10 19:30:28,491 [WARN] DbBoards:127 - board P-NUCLEO-WB55-USBDongle has no document id list !
2022-06-10 19:30:28,491 [WARN] DbBoards:127 - board STEVAL-BFA001V1B has no document id list !
2022-06-10 19:30:28,491 [WARN] DbBoards:127 - board STEVAL-BFA001V2B has no document id list !
2022-06-10 19:30:28,491 [WARN] DbBoards:127 - board STEVAL-IDP005V1 has no document id list !
2022-06-10 19:30:28,491 [WARN] DbBoards:127 - board STEVAL-IDP005V2 has no document id list !
2022-06-10 19:30:28,491 [WARN] DbBoards:127 - board STEVAL-MKSBOX1V1 has no document id list !
2022-06-10 19:30:28,491 [WARN] DbBoards:127 - board STEVAL-STWINKT1 has no document id list !
2022-06-10 19:30:28,491 [WARN] DbBoards:127 - board STEVAL-STWINKT1B has no document id list !
2022-06-10 19:30:28,491 [WARN] DbBoards:127 - board STM32439I-EVAL2 has no document id list !
2022-06-10 19:30:28,491 [WARN] DbBoards:127 - board STM32F401C-DISCO has no document id list !
2022-06-10 19:30:28,491 [WARN] DbBoards:127 - board STM32F769I-DISC1 has no document id list !
2022-06-10 19:30:28,491 [WARN] DbBoards:127 - board STM32G474E-EVAL1 has no document id list !
2022-06-10 19:30:28,491 [WARN] DbBoards:127 - board STM32H743I-EVAL2 has no document id list !
2022-06-10 19:30:28,491 [WARN] DbBoards:127 - board STM32H747I-DISC1 has no document id list !
2022-06-10 19:30:28,491 [WARN] DbBoards:127 - board STM32H753I-EVAL2 has no document id list !
2022-06-10 19:30:28,491 [WARN] DbBoards:127 - board STM32L-DISCOVERY has no document id list !
2022-06-10 19:30:28,508 [ERROR] DbBoards:189 - Image file not found for board B-L462E-CELL1: E:\Programs\STM32_IDE\STM32CubeIDE_1.4.0\STM32CubeIDE\plugins\com.st.stm32cube.common.mx_6.0.0.202007160824\\db\/plugins/mcufinder/images/boards/B-L462E-CELL1_small.jpg
2022-06-10 19:30:28,527 [ERROR] DbBoards:189 - Image file not found for board B-U585I-IOT02A: E:\Programs\STM32_IDE\STM32CubeIDE_1.4.0\STM32CubeIDE\plugins\com.st.stm32cube.common.mx_6.0.0.202007160824\\db\/plugins/mcufinder/images/boards/B-U585I-IOT02A_small.jpg
2022-06-10 19:30:28,569 [ERROR] DbBoards:189 - Image file not found for board NUCLEO-F413ZH: E:\Programs\STM32_IDE\STM32CubeIDE_1.4.0\STM32CubeIDE\plugins\com.st.stm32cube.common.mx_6.0.0.202007160824\\db\/plugins/mcufinder/images/boards/nucleo-f413zh_small.jpg
2022-06-10 19:30:28,660 [ERROR] DbBoards:189 - Image file not found for board NUCLEO-L552ZE-Q: E:\Programs\STM32_IDE\STM32CubeIDE_1.4.0\STM32CubeIDE\plugins\com.st.stm32cube.common.mx_6.0.0.202007160824\\db\/plugins/mcufinder/images/boards/nucleo_l552ze_q_small.jpg
2022-06-10 19:30:28,660 [ERROR] DbBoards:189 - Image file not found for board NUCLEO-U575ZI-Q: E:\Programs\STM32_IDE\STM32CubeIDE_1.4.0\STM32CubeIDE\plugins\com.st.stm32cube.common.mx_6.0.0.202007160824\\db\/plugins/mcufinder/images/boards/nucleo-u575zi-q_small.jpg
2022-06-10 19:30:28,660 [ERROR] DbBoards:189 - Image file not found for board NUCLEO-WB15CC: E:\Programs\STM32_IDE\STM32CubeIDE_1.4.0\STM32CubeIDE\plugins\com.st.stm32cube.common.mx_6.0.0.202007160824\\db\/plugins/mcufinder/images/boards/nucleo-wb15cc_small.jpg
2022-06-10 19:30:28,660 [ERROR] DbBoards:189 - Image file not found for board NUCLEO-WB55RG: E:\Programs\STM32_IDE\STM32CubeIDE_1.4.0\STM32CubeIDE\plugins\com.st.stm32cube.common.mx_6.0.0.202007160824\\db\/plugins/mcufinder/images/boards/nucleo-wb55rg_small.jpg
2022-06-10 19:30:28,660 [ERROR] DbBoards:189 - Image file not found for board NUCLEO-WL55JC: E:\Programs\STM32_IDE\STM32CubeIDE_1.4.0\STM32CubeIDE\plugins\com.st.stm32cube.common.mx_6.0.0.202007160824\\db\/plugins/mcufinder/images/boards/nucleo-wl55jc-small.jpg
2022-06-10 19:30:28,729 [ERROR] DbBoards:189 - Image file not found for board STEVAL-STWINKT1B: E:\Programs\STM32_IDE\STM32CubeIDE_1.4.0\STM32CubeIDE\plugins\com.st.stm32cube.common.mx_6.0.0.202007160824\\db\/plugins/mcufinder/images/boards/steval-stwinkt1b_small.jpg
2022-06-10 19:30:28,859 [ERROR] DbBoards:189 - Image file not found for board STM32G0C1E-EV: E:\Programs\STM32_IDE\STM32CubeIDE_1.4.0\STM32CubeIDE\plugins\com.st.stm32cube.common.mx_6.0.0.202007160824\\db\/plugins/mcufinder/images/boards/stm32g0c1e-eval_small.jpg
2022-06-10 19:30:28,902 [ERROR] DbBoards:189 - Image file not found for board STM32H7B3I-EVAL: E:\Programs\STM32_IDE\STM32CubeIDE_1.4.0\STM32CubeIDE\plugins\com.st.stm32cube.common.mx_6.0.0.202007160824\\db\/plugins/mcufinder/images/boards/stm32h7b3ieval_small.jpg
2022-06-10 19:30:28,986 [ERROR] DbBoards:189 - Image file not found for board STM32U575I-EV: E:\Programs\STM32_IDE\STM32CubeIDE_1.4.0\STM32CubeIDE\plugins\com.st.stm32cube.common.mx_6.0.0.202007160824\\db\/plugins/mcufinder/images/boards/stm32u575i-ev_small.jpg
2022-06-10 19:30:29,000 [ERROR] DbBoards:189 - Image file not found for board STM32WB5MM-DK: E:\Programs\STM32_IDE\STM32CubeIDE_1.4.0\STM32CubeIDE\plugins\com.st.stm32cube.common.mx_6.0.0.202007160824\\db\/plugins/mcufinder/images/boards/STM32WB5MM-DK_small.jpg
2022-06-10 19:30:29,000 [INFO] ApiDb:201 - Load user favorites file C:\Users\101/.stm32cubemx/favorites.boards.txt: 0 item(s)
2022-06-10 19:30:29,000 [INFO] ApiDb:205 - User favorites Boards=[]
2022-06-10 19:30:29,000 [INFO] DbBoards:206 - Set 0 / 0 favorites Boards
2022-06-10 19:30:29,140 [INFO] DbExamplesSqlite:156 - SQLite db open (C:\Users\101\.stmcufinder\plugins\mcufinder\mcu\cube-finder-db.db)
2022-06-10 19:30:29,558 [INFO] DbExamplesSqlite:447 - Ignored 0 examples not supported by CubeIDE
2022-06-10 19:30:29,558 [INFO] DbExamplesSqlite:448 - Found 6144 examples active
2022-06-10 19:30:29,558 [INFO] DbExamplesSqlite:449 - Found 64 examples obsolete
2022-06-10 19:30:29,558 [INFO] DbExamplesSqlite:450 - Found 0 examples under development
2022-06-10 19:30:29,558 [INFO] DbExamplesSqlite:451 - Found 96 examples not building
2022-06-10 19:30:29,577 [INFO] DbExamplesSqlite:130 - SQLite Data Model version=2.1
2022-06-10 19:30:29,577 [INFO] DbExamplesSqlite:131 - SQLite Configuration version=3.0.30
2022-06-10 19:30:29,577 [INFO] DbExamplesSqlite:132 - SQLite generation date=2022-04-28 (1651152914)
2022-06-10 19:30:29,577 [INFO] DbExamplesSqlite:133 - SQLite FW Pack versions=[STM32Cube_FW_C0_V1.0.0, STM32Cube_FW_F4_V1.27.0, STM32Cube_FW_F7_V1.16.2, STM32Cube_FW_G0_V1.5.1, STM32Cube_FW_G4_V1.5.0, STM32Cube_FW_H7_V1.10.0, STM32Cube_FW_L5_V1.4.0, STM32Cube_FW_U5_V1.1.0, STM32Cube_FW_WB_V1.13.3, STM32Cube_FW_WL_V1.2.0, X-CUBE-ALGOBUILD_V1.3.0, X-CUBE-ALS_V1.0.1, X-CUBE-AZRTOS-F4_V1.0.0, X-CUBE-AZRTOS-F7_V1.0.0, X-CUBE-AZRTOS-G0_V1.0.0, X-CUBE-AZRTOS-G4_V1.0.0, X-CUBE-AZRTOS-H7_V2.1.0, X-CUBE-AZRTOS-L4_V1.0.0, X-CUBE-AZRTOS-L5_V1.0.0, X-CUBE-AZRTOS-WL_V1.0.0, X-CUBE-BLE1_V6.2.3, X-CUBE-BLE2_V3.2.2, X-CUBE-EEPRMA1_V3.1.1, X-CUBE-GNSS1_V5.2.0, X-CUBE-MEMS1_V9.1.0, X-CUBE-NFC4_V2.0.3, X-CUBE-NFC7_V1.0.0, X-CUBE-SFXS2LP1_V3.1.0, X-CUBE-SUBG2_V4.2.0]
2022-06-10 19:30:29,577 [INFO] DbExamples:123 - Found 6240 examples
2022-06-10 19:30:29,841 [ERROR] DbExamples:199 - Found 6240 examples with invalid data (board or MCU)
2022-06-10 19:30:29,841 [INFO] DbExamples:215 - Found 72 boards with related examples
2022-06-10 19:30:29,842 [INFO] DbExamples:228 - Found 0 MCUs with related examples
2022-06-10 19:30:29,864 [INFO] ApiDb:192 - User favorites file not found: C:\Users\101/.stm32cubemx/favorites.examples.txt
2022-06-10 19:30:29,865 [INFO] DbExamples:249 - Set 0 / 0 favorites Examples
2022-06-10 19:30:30,162 [INFO] McuFinderGlobals:40 - Set McuFinder mode to 2 (CubeIDE integrated)
2022-06-10 19:30:30,282 [INFO] CrossSelectorPresenter:1330 - Cross Selector saved comparison directory: C:\Users\101\.stmcufinder\plugins\mcufinder\mcu\cs_comparisons_mx
2022-06-10 19:30:30,286 [INFO] MultiScanPanel:193 - Auto-refresh data requested => check proxy status ongoing
2022-06-10 19:30:30,288 [INFO] FinderPluginLoader:87 - Searching for filters in installed packs
2022-06-10 19:30:30,665 [INFO] LoadUrlFilesThread:162 - End of LoadServerUrlFiles without Thread
2022-06-10 19:30:30,705 [INFO] DetailPanel:331 - Set advertising image to C:/Users/101/STM32Cube/Repository/\stm32cubemx-promo_image.jpg
2022-06-10 19:30:31,084 [INFO] McuFilterPanel:245 - Update 0 favorites MCUs
2022-06-10 19:31:23,613 [INFO] LogOutputStream:76 - [STDOUT_REDIRECT] withoutVersionV1.8.4
2022-06-10 19:31:23,613 [INFO] LogOutputStream:76 - [STDOUT_REDIRECT] withoutVersionV1.8.3
2022-06-10 19:31:23,614 [INFO] LogOutputStream:76 - [STDOUT_REDIRECT] withoutVersionV1.8.2
2022-06-10 19:31:23,614 [INFO] LogOutputStream:76 - [STDOUT_REDIRECT] withoutVersionV1.8.1
2022-06-10 19:31:23,614 [INFO] LogOutputStream:76 - [STDOUT_REDIRECT] withoutVersionV1.8.0
2022-06-10 19:31:30,916 [INFO] ApiDb:226 - Save user favorites file C:\Users\101/.stm32cubeide/favorites.mcus.txt: 0 item(s)
2022-06-10 19:31:30,916 [INFO] ApiDb:230 - User favorites MCUs=[]
2022-06-10 23:57:58,781 [INFO] Activator:178 - 


2022-06-10 23:57:58,783 [INFO] Activator:179 - !SESSION log4j initialized
2022-06-10 23:58:26,152 [INFO] RetryExec:97 - I/O exception (java.net.SocketException) caught when processing request to {}->http://sw-center.st.com:80: Socket Closed
2022-06-10 23:58:26,155 [INFO] RetryExec:113 - Retrying request to {}->http://sw-center.st.com:80
2022-06-11 01:49:58,249 [INFO] Activator:178 - 


2022-06-11 01:49:58,251 [INFO] Activator:179 - !SESSION log4j initialized
2022-06-11 01:50:43,668 [INFO] RetryExec:97 - I/O exception (org.apache.http.NoHttpResponseException) caught when processing request to {s}->https://download.eclipse.org:443: The target server failed to respond
2022-06-11 01:50:43,669 [INFO] RetryExec:113 - Retrying request to {s}->https://download.eclipse.org:443
2022-06-11 01:50:44,565 [INFO] RetryExec:97 - I/O exception (org.apache.http.NoHttpResponseException) caught when processing request to {s}->https://archive.eclipse.org:443: The target server failed to respond
2022-06-11 01:50:44,565 [INFO] RetryExec:113 - Retrying request to {s}->https://archive.eclipse.org:443
2022-06-11 01:50:45,556 [INFO] RetryExec:97 - I/O exception (org.apache.http.NoHttpResponseException) caught when processing request to {s}->https://download.eclipse.org:443: The target server failed to respond
2022-06-11 01:50:45,557 [INFO] RetryExec:113 - Retrying request to {s}->https://download.eclipse.org:443
